[0.012s] Invoking command in '/home/vikas_maurya/wc_ws/build/wc_navigation2': CMAKE_PREFIX_PATH=${CMAKE_PREFIX_PATH}:/home/vikas_maurya/wc_ws/install/pre_launch:/home/vikas_maurya/ros2_ws/install/wc_teleop:/home/vikas_maurya/ros2_ws/install/wc_example:/opt/ros/humble /usr/bin/cmake /home/vikas_maurya/wc_ws/src/wc_navigation2 -DCMAKE_INSTALL_PREFIX=/home/vikas_maurya/wc_ws/install/wc_navigation2
[0.065s] -- The C compiler identification is GNU 11.4.0
[0.114s] -- The CXX compiler identification is GNU 11.4.0
[0.120s] -- Detecting C compiler ABI info
[0.188s] -- Detecting C compiler ABI info - done
[0.194s] -- Check for working C compiler: /usr/bin/cc - skipped
[0.194s] -- Detecting C compile features
[0.195s] -- Detecting C compile features - done
[0.197s] -- Detecting CXX compiler ABI info
[0.269s] -- Detecting CXX compiler ABI info - done
[0.276s] -- Check for working CXX compiler: /usr/bin/c++ - skipped
[0.276s] -- Detecting CXX compile features
[0.277s] -- Detecting CXX compile features - done
[0.279s] -- Found ament_cmake: 1.3.11 (/opt/ros/humble/share/ament_cmake/cmake)
[0.447s] -- Found Python3: /usr/bin/python3 (found version "3.10.12") found components: Interpreter 
[0.542s] -- Found rclpy: 3.3.15 (/opt/ros/humble/share/rclpy/cmake)
[0.544s] -- Found rclcpp: 16.0.11 (/opt/ros/humble/share/rclcpp/cmake)
[0.599s] -- Found rosidl_generator_c: 3.1.6 (/opt/ros/humble/share/rosidl_generator_c/cmake)
[0.607s] -- Found rosidl_adapter: 3.1.6 (/opt/ros/humble/share/rosidl_adapter/cmake)
[0.618s] -- Found rosidl_generator_cpp: 3.1.6 (/opt/ros/humble/share/rosidl_generator_cpp/cmake)
[0.634s] -- Using all available rosidl_typesupport_c: rosidl_typesupport_fastrtps_c;rosidl_typesupport_introspection_c
[0.656s] -- Using all available rosidl_typesupport_cpp: rosidl_typesupport_fastrtps_cpp;rosidl_typesupport_introspection_cpp
[0.710s] -- Found rmw_implementation_cmake: 6.1.2 (/opt/ros/humble/share/rmw_implementation_cmake/cmake)
[0.713s] -- Found rmw_cyclonedds_cpp: 1.3.4 (/opt/ros/humble/share/rmw_cyclonedds_cpp/cmake)
[0.734s] -- Using RMW implementation 'rmw_cyclonedds_cpp' as default
[0.742s] -- Looking for pthread.h
[0.807s] -- Looking for pthread.h - found
[0.808s] -- Performing Test CMAKE_HAVE_LIBC_PTHREAD
[0.884s] -- Performing Test CMAKE_HAVE_LIBC_PTHREAD - Success
[0.885s] -- Found Threads: TRUE  
[1.006s] -- Configuring done
[1.008s] -- Generating done
[1.010s] -- Build files have been written to: /home/vikas_maurya/wc_ws/build/wc_navigation2
[1.015s] Invoked command in '/home/vikas_maurya/wc_ws/build/wc_navigation2' returned '0': CMAKE_PREFIX_PATH=${CMAKE_PREFIX_PATH}:/home/vikas_maurya/wc_ws/install/pre_launch:/home/vikas_maurya/ros2_ws/install/wc_teleop:/home/vikas_maurya/ros2_ws/install/wc_example:/opt/ros/humble /usr/bin/cmake /home/vikas_maurya/wc_ws/src/wc_navigation2 -DCMAKE_INSTALL_PREFIX=/home/vikas_maurya/wc_ws/install/wc_navigation2
[1.017s] Invoking command in '/home/vikas_maurya/wc_ws/build/wc_navigation2': CMAKE_PREFIX_PATH=${CMAKE_PREFIX_PATH}:/home/vikas_maurya/wc_ws/install/pre_launch:/home/vikas_maurya/ros2_ws/install/wc_teleop:/home/vikas_maurya/ros2_ws/install/wc_example:/opt/ros/humble /usr/bin/cmake --build /home/vikas_maurya/wc_ws/build/wc_navigation2 -- -j12 -l12
[1.054s] Invoked command in '/home/vikas_maurya/wc_ws/build/wc_navigation2' returned '0': CMAKE_PREFIX_PATH=${CMAKE_PREFIX_PATH}:/home/vikas_maurya/wc_ws/install/pre_launch:/home/vikas_maurya/ros2_ws/install/wc_teleop:/home/vikas_maurya/ros2_ws/install/wc_example:/opt/ros/humble /usr/bin/cmake --build /home/vikas_maurya/wc_ws/build/wc_navigation2 -- -j12 -l12
[1.056s] Invoking command in '/home/vikas_maurya/wc_ws/build/wc_navigation2': CMAKE_PREFIX_PATH=${CMAKE_PREFIX_PATH}:/home/vikas_maurya/wc_ws/install/pre_launch:/home/vikas_maurya/ros2_ws/install/wc_teleop:/home/vikas_maurya/ros2_ws/install/wc_example:/opt/ros/humble /usr/bin/cmake --install /home/vikas_maurya/wc_ws/build/wc_navigation2
[1.065s] -- Install configuration: ""
[1.065s] -- Installing: /home/vikas_maurya/wc_ws/install/wc_navigation2/share/wc_navigation2/launch
[1.065s] -- Installing: /home/vikas_maurya/wc_ws/install/wc_navigation2/share/wc_navigation2/launch/navigation2.launch.py
[1.065s] -- Installing: /home/vikas_maurya/wc_ws/install/wc_navigation2/share/wc_navigation2/map
[1.065s] -- Installing: /home/vikas_maurya/wc_ws/install/wc_navigation2/share/wc_navigation2/map/map.pgm
[1.066s] -- Installing: /home/vikas_maurya/wc_ws/install/wc_navigation2/share/wc_navigation2/map/map.yaml
[1.066s] -- Installing: /home/vikas_maurya/wc_ws/install/wc_navigation2/share/wc_navigation2/param
[1.066s] -- Installing: /home/vikas_maurya/wc_ws/install/wc_navigation2/share/wc_navigation2/param/wc.yaml
[1.066s] -- Installing: /home/vikas_maurya/wc_ws/install/wc_navigation2/share/wc_navigation2/rviz
[1.066s] -- Installing: /home/vikas_maurya/wc_ws/install/wc_navigation2/share/wc_navigation2/rviz/wc_navigation2.rviz
[1.066s] -- Installing: /home/vikas_maurya/wc_ws/install/wc_navigation2/share/ament_index/resource_index/package_run_dependencies/wc_navigation2
[1.066s] -- Installing: /home/vikas_maurya/wc_ws/install/wc_navigation2/share/ament_index/resource_index/parent_prefix_path/wc_navigation2
[1.066s] -- Installing: /home/vikas_maurya/wc_ws/install/wc_navigation2/share/wc_navigation2/environment/ament_prefix_path.sh
[1.067s] -- Installing: /home/vikas_maurya/wc_ws/install/wc_navigation2/share/wc_navigation2/environment/ament_prefix_path.dsv
[1.067s] -- Installing: /home/vikas_maurya/wc_ws/install/wc_navigation2/share/wc_navigation2/environment/path.sh
[1.067s] -- Installing: /home/vikas_maurya/wc_ws/install/wc_navigation2/share/wc_navigation2/environment/path.dsv
[1.067s] -- Installing: /home/vikas_maurya/wc_ws/install/wc_navigation2/share/wc_navigation2/local_setup.bash
[1.067s] -- Installing: /home/vikas_maurya/wc_ws/install/wc_navigation2/share/wc_navigation2/local_setup.sh
[1.067s] -- Installing: /home/vikas_maurya/wc_ws/install/wc_navigation2/share/wc_navigation2/local_setup.zsh
[1.067s] -- Installing: /home/vikas_maurya/wc_ws/install/wc_navigation2/share/wc_navigation2/local_setup.dsv
[1.068s] -- Installing: /home/vikas_maurya/wc_ws/install/wc_navigation2/share/wc_navigation2/package.dsv
[1.068s] -- Installing: /home/vikas_maurya/wc_ws/install/wc_navigation2/share/ament_index/resource_index/packages/wc_navigation2
[1.068s] -- Installing: /home/vikas_maurya/wc_ws/install/wc_navigation2/share/wc_navigation2/cmake/wc_navigation2Config.cmake
[1.069s] -- Installing: /home/vikas_maurya/wc_ws/install/wc_navigation2/share/wc_navigation2/cmake/wc_navigation2Config-version.cmake
[1.069s] -- Installing: /home/vikas_maurya/wc_ws/install/wc_navigation2/share/wc_navigation2/package.xml
[1.071s] Invoked command in '/home/vikas_maurya/wc_ws/build/wc_navigation2' returned '0': CMAKE_PREFIX_PATH=${CMAKE_PREFIX_PATH}:/home/vikas_maurya/wc_ws/install/pre_launch:/home/vikas_maurya/ros2_ws/install/wc_teleop:/home/vikas_maurya/ros2_ws/install/wc_example:/opt/ros/humble /usr/bin/cmake --install /home/vikas_maurya/wc_ws/build/wc_navigation2
