-- The C compiler identification is GNU 11.4.0
-- The CXX compiler identification is GNU 11.4.0
-- Detecting C compiler ABI info
-- Detecting C compiler ABI info - done
-- Check for working C compiler: /usr/bin/cc - skipped
-- Detecting C compile features
-- Detecting C compile features - done
-- Detecting CXX compiler ABI info
-- Detecting CXX compiler ABI info - done
-- Check for working CXX compiler: /usr/bin/c++ - skipped
-- Detecting CXX compile features
-- Detecting CXX compile features - done
-- Found ament_cmake: 1.3.11 (/opt/ros/humble/share/ament_cmake/cmake)
-- Found Python3: /usr/bin/python3 (found version "3.10.12") found components: Interpreter 
-- Found rclpy: 3.3.15 (/opt/ros/humble/share/rclpy/cmake)
-- Found rclcpp: 16.0.11 (/opt/ros/humble/share/rclcpp/cmake)
-- Found rosidl_generator_c: 3.1.6 (/opt/ros/humble/share/rosidl_generator_c/cmake)
-- Found rosidl_adapter: 3.1.6 (/opt/ros/humble/share/rosidl_adapter/cmake)
-- Found rosidl_generator_cpp: 3.1.6 (/opt/ros/humble/share/rosidl_generator_cpp/cmake)
-- Using all available rosidl_typesupport_c: rosidl_typesupport_fastrtps_c;rosidl_typesupport_introspection_c
-- Using all available rosidl_typesupport_cpp: rosidl_typesupport_fastrtps_cpp;rosidl_typesupport_introspection_cpp
-- Found rmw_implementation_cmake: 6.1.2 (/opt/ros/humble/share/rmw_implementation_cmake/cmake)
-- Found rmw_cyclonedds_cpp: 1.3.4 (/opt/ros/humble/share/rmw_cyclonedds_cpp/cmake)
-- Using RMW implementation 'rmw_cyclonedds_cpp' as default
-- Looking for pthread.h
-- Looking for pthread.h - found
-- Performing Test CMAKE_HAVE_LIBC_PTHREAD
-- Performing Test CMAKE_HAVE_LIBC_PTHREAD - Success
-- Found Threads: TRUE  
-- Configuring done
-- Generating done
-- Build files have been written to: /home/vikas_maurya/wc_ws/build/pre_launch
-- Install configuration: ""
-- Installing: /home/vikas_maurya/wc_ws/install/pre_launch/share/pre_launch/launch
-- Installing: /home/vikas_maurya/wc_ws/install/pre_launch/share/pre_launch/launch/wc.launch.py
-- Installing: /home/vikas_maurya/wc_ws/install/pre_launch/share/pre_launch/param
-- Installing: /home/vikas_maurya/wc_ws/install/pre_launch/share/pre_launch/param/wc_config.yaml
-- Installing: /home/vikas_maurya/wc_ws/install/pre_launch/lib/pre_launch/motor_cont.py
-- Installing: /home/vikas_maurya/wc_ws/install/pre_launch/lib/pre_launch/wc_node_main.py
-- Installing: /home/vikas_maurya/wc_ws/install/pre_launch/share/ament_index/resource_index/package_run_dependencies/pre_launch
-- Installing: /home/vikas_maurya/wc_ws/install/pre_launch/share/ament_index/resource_index/parent_prefix_path/pre_launch
-- Installing: /home/vikas_maurya/wc_ws/install/pre_launch/share/pre_launch/environment/ament_prefix_path.sh
-- Installing: /home/vikas_maurya/wc_ws/install/pre_launch/share/pre_launch/environment/ament_prefix_path.dsv
-- Installing: /home/vikas_maurya/wc_ws/install/pre_launch/share/pre_launch/environment/path.sh
-- Installing: /home/vikas_maurya/wc_ws/install/pre_launch/share/pre_launch/environment/path.dsv
-- Installing: /home/vikas_maurya/wc_ws/install/pre_launch/share/pre_launch/local_setup.bash
-- Installing: /home/vikas_maurya/wc_ws/install/pre_launch/share/pre_launch/local_setup.sh
-- Installing: /home/vikas_maurya/wc_ws/install/pre_launch/share/pre_launch/local_setup.zsh
-- Installing: /home/vikas_maurya/wc_ws/install/pre_launch/share/pre_launch/local_setup.dsv
-- Installing: /home/vikas_maurya/wc_ws/install/pre_launch/share/pre_launch/package.dsv
-- Installing: /home/vikas_maurya/wc_ws/install/pre_launch/share/ament_index/resource_index/packages/pre_launch
-- Installing: /home/vikas_maurya/wc_ws/install/pre_launch/share/pre_launch/cmake/pre_launchConfig.cmake
-- Installing: /home/vikas_maurya/wc_ws/install/pre_launch/share/pre_launch/cmake/pre_launchConfig-version.cmake
-- Installing: /home/vikas_maurya/wc_ws/install/pre_launch/share/pre_launch/package.xml
