[0.007s] Invoking command in '/home/vikas_maurya/wc_ws/build/pre_launch': CMAKE_PREFIX_PATH=${CMAKE_PREFIX_PATH}:/home/vikas_maurya/wc_ws/install/pre_launch:/home/vikas_maurya/ros2_ws/install/wc_teleop:/home/vikas_maurya/ros2_ws/install/wc_example:/opt/ros/humble /usr/bin/cmake /home/vikas_maurya/wc_ws/src/pre_launch -DCMAKE_INSTALL_PREFIX=/home/vikas_maurya/wc_ws/install/pre_launch
[0.061s] -- The C compiler identification is GNU 11.4.0
[0.107s] -- The CXX compiler identification is GNU 11.4.0
[0.113s] -- Detecting C compiler ABI info
[0.172s] -- Detecting C compiler ABI info - done
[0.180s] -- Check for working C compiler: /usr/bin/cc - skipped
[0.180s] -- Detecting C compile features
[0.180s] -- Detecting C compile features - done
[0.182s] -- Detecting CXX compiler ABI info
[0.249s] -- Detecting CXX compiler ABI info - done
[0.256s] -- Check for working CXX compiler: /usr/bin/c++ - skipped
[0.256s] -- Detecting CXX compile features
[0.256s] -- Detecting CXX compile features - done
[0.259s] -- Found ament_cmake: 1.3.11 (/opt/ros/humble/share/ament_cmake/cmake)
[0.381s] -- Found Python3: /usr/bin/python3 (found version "3.10.12") found components: Interpreter 
[0.456s] -- Found rclpy: 3.3.15 (/opt/ros/humble/share/rclpy/cmake)
[0.458s] -- Found rclcpp: 16.0.11 (/opt/ros/humble/share/rclcpp/cmake)
[0.488s] -- Found rosidl_generator_c: 3.1.6 (/opt/ros/humble/share/rosidl_generator_c/cmake)
[0.492s] -- Found rosidl_adapter: 3.1.6 (/opt/ros/humble/share/rosidl_adapter/cmake)
[0.497s] -- Found rosidl_generator_cpp: 3.1.6 (/opt/ros/humble/share/rosidl_generator_cpp/cmake)
[0.506s] -- Using all available rosidl_typesupport_c: rosidl_typesupport_fastrtps_c;rosidl_typesupport_introspection_c
[0.518s] -- Using all available rosidl_typesupport_cpp: rosidl_typesupport_fastrtps_cpp;rosidl_typesupport_introspection_cpp
[0.548s] -- Found rmw_implementation_cmake: 6.1.2 (/opt/ros/humble/share/rmw_implementation_cmake/cmake)
[0.551s] -- Found rmw_cyclonedds_cpp: 1.3.4 (/opt/ros/humble/share/rmw_cyclonedds_cpp/cmake)
[0.566s] -- Using RMW implementation 'rmw_cyclonedds_cpp' as default
[0.572s] -- Looking for pthread.h
[0.630s] -- Looking for pthread.h - found
[0.630s] -- Performing Test CMAKE_HAVE_LIBC_PTHREAD
[0.697s] -- Performing Test CMAKE_HAVE_LIBC_PTHREAD - Success
[0.698s] -- Found Threads: TRUE  
[0.777s] -- Configuring done
[0.779s] -- Generating done
[0.780s] -- Build files have been written to: /home/vikas_maurya/wc_ws/build/pre_launch
[0.785s] Invoked command in '/home/vikas_maurya/wc_ws/build/pre_launch' returned '0': CMAKE_PREFIX_PATH=${CMAKE_PREFIX_PATH}:/home/vikas_maurya/wc_ws/install/pre_launch:/home/vikas_maurya/ros2_ws/install/wc_teleop:/home/vikas_maurya/ros2_ws/install/wc_example:/opt/ros/humble /usr/bin/cmake /home/vikas_maurya/wc_ws/src/pre_launch -DCMAKE_INSTALL_PREFIX=/home/vikas_maurya/wc_ws/install/pre_launch
[0.787s] Invoking command in '/home/vikas_maurya/wc_ws/build/pre_launch': CMAKE_PREFIX_PATH=${CMAKE_PREFIX_PATH}:/home/vikas_maurya/wc_ws/install/pre_launch:/home/vikas_maurya/ros2_ws/install/wc_teleop:/home/vikas_maurya/ros2_ws/install/wc_example:/opt/ros/humble /usr/bin/cmake --build /home/vikas_maurya/wc_ws/build/pre_launch -- -j12 -l12
[0.822s] Invoked command in '/home/vikas_maurya/wc_ws/build/pre_launch' returned '0': CMAKE_PREFIX_PATH=${CMAKE_PREFIX_PATH}:/home/vikas_maurya/wc_ws/install/pre_launch:/home/vikas_maurya/ros2_ws/install/wc_teleop:/home/vikas_maurya/ros2_ws/install/wc_example:/opt/ros/humble /usr/bin/cmake --build /home/vikas_maurya/wc_ws/build/pre_launch -- -j12 -l12
[0.824s] Invoking command in '/home/vikas_maurya/wc_ws/build/pre_launch': CMAKE_PREFIX_PATH=${CMAKE_PREFIX_PATH}:/home/vikas_maurya/wc_ws/install/pre_launch:/home/vikas_maurya/ros2_ws/install/wc_teleop:/home/vikas_maurya/ros2_ws/install/wc_example:/opt/ros/humble /usr/bin/cmake --install /home/vikas_maurya/wc_ws/build/pre_launch
[0.833s] -- Install configuration: ""
[0.833s] -- Installing: /home/vikas_maurya/wc_ws/install/pre_launch/share/pre_launch/launch
[0.833s] -- Installing: /home/vikas_maurya/wc_ws/install/pre_launch/share/pre_launch/launch/wc.launch.py
[0.833s] -- Installing: /home/vikas_maurya/wc_ws/install/pre_launch/share/pre_launch/param
[0.833s] -- Installing: /home/vikas_maurya/wc_ws/install/pre_launch/share/pre_launch/param/wc_config.yaml
[0.833s] -- Installing: /home/vikas_maurya/wc_ws/install/pre_launch/lib/pre_launch/motor_cont.py
[0.833s] -- Installing: /home/vikas_maurya/wc_ws/install/pre_launch/lib/pre_launch/wc_node_main.py
[0.833s] -- Installing: /home/vikas_maurya/wc_ws/install/pre_launch/share/ament_index/resource_index/package_run_dependencies/pre_launch
[0.833s] -- Installing: /home/vikas_maurya/wc_ws/install/pre_launch/share/ament_index/resource_index/parent_prefix_path/pre_launch
[0.833s] -- Installing: /home/vikas_maurya/wc_ws/install/pre_launch/share/pre_launch/environment/ament_prefix_path.sh
[0.834s] -- Installing: /home/vikas_maurya/wc_ws/install/pre_launch/share/pre_launch/environment/ament_prefix_path.dsv
[0.834s] -- Installing: /home/vikas_maurya/wc_ws/install/pre_launch/share/pre_launch/environment/path.sh
[0.834s] -- Installing: /home/vikas_maurya/wc_ws/install/pre_launch/share/pre_launch/environment/path.dsv
[0.834s] -- Installing: /home/vikas_maurya/wc_ws/install/pre_launch/share/pre_launch/local_setup.bash
[0.834s] -- Installing: /home/vikas_maurya/wc_ws/install/pre_launch/share/pre_launch/local_setup.sh
[0.834s] -- Installing: /home/vikas_maurya/wc_ws/install/pre_launch/share/pre_launch/local_setup.zsh
[0.834s] -- Installing: /home/vikas_maurya/wc_ws/install/pre_launch/share/pre_launch/local_setup.dsv
[0.834s] -- Installing: /home/vikas_maurya/wc_ws/install/pre_launch/share/pre_launch/package.dsv
[0.834s] -- Installing: /home/vikas_maurya/wc_ws/install/pre_launch/share/ament_index/resource_index/packages/pre_launch
[0.834s] -- Installing: /home/vikas_maurya/wc_ws/install/pre_launch/share/pre_launch/cmake/pre_launchConfig.cmake
[0.834s] -- Installing: /home/vikas_maurya/wc_ws/install/pre_launch/share/pre_launch/cmake/pre_launchConfig-version.cmake
[0.834s] -- Installing: /home/vikas_maurya/wc_ws/install/pre_launch/share/pre_launch/package.xml
[0.835s] Invoked command in '/home/vikas_maurya/wc_ws/build/pre_launch' returned '0': CMAKE_PREFIX_PATH=${CMAKE_PREFIX_PATH}:/home/vikas_maurya/wc_ws/install/pre_launch:/home/vikas_maurya/ros2_ws/install/wc_teleop:/home/vikas_maurya/ros2_ws/install/wc_example:/opt/ros/humble /usr/bin/cmake --install /home/vikas_maurya/wc_ws/build/pre_launch
