running egg_info
creating ../build/wc_robot/wc_robot.egg-info
writing ../build/wc_robot/wc_robot.egg-info/PKG-INFO
writing dependency_links to ../build/wc_robot/wc_robot.egg-info/dependency_links.txt
writing entry points to ../build/wc_robot/wc_robot.egg-info/entry_points.txt
writing requirements to ../build/wc_robot/wc_robot.egg-info/requires.txt
writing top-level names to ../build/wc_robot/wc_robot.egg-info/top_level.txt
writing manifest file '../build/wc_robot/wc_robot.egg-info/SOURCES.txt'
reading manifest file '../build/wc_robot/wc_robot.egg-info/SOURCES.txt'
writing manifest file '../build/wc_robot/wc_robot.egg-info/SOURCES.txt'
running build
running build_py
creating /home/vikas_maurya/ros2_ws/src/Auto_Wheelchair_repo/build/wc_robot/build
creating /home/vikas_maurya/ros2_ws/src/Auto_Wheelchair_repo/build/wc_robot/build/lib
creating /home/vikas_maurya/ros2_ws/src/Auto_Wheelchair_repo/build/wc_robot/build/lib/wc_robot
copying wc_robot/__init__.py -> /home/vikas_maurya/ros2_ws/src/Auto_Wheelchair_repo/build/wc_robot/build/lib/wc_robot
running install
running install_lib
creating /home/vikas_maurya/ros2_ws/src/Auto_Wheelchair_repo/install/wc_robot/lib/python3.10/site-packages/wc_robot
copying /home/vikas_maurya/ros2_ws/src/Auto_Wheelchair_repo/build/wc_robot/build/lib/wc_robot/__init__.py -> /home/vikas_maurya/ros2_ws/src/Auto_Wheelchair_repo/install/wc_robot/lib/python3.10/site-packages/wc_robot
byte-compiling /home/vikas_maurya/ros2_ws/src/Auto_Wheelchair_repo/install/wc_robot/lib/python3.10/site-packages/wc_robot/__init__.py to __init__.cpython-310.pyc
running install_data
creating /home/vikas_maurya/ros2_ws/src/Auto_Wheelchair_repo/install/wc_robot/share/ament_index
creating /home/vikas_maurya/ros2_ws/src/Auto_Wheelchair_repo/install/wc_robot/share/ament_index/resource_index
creating /home/vikas_maurya/ros2_ws/src/Auto_Wheelchair_repo/install/wc_robot/share/ament_index/resource_index/packages
copying resource/wc_robot -> /home/vikas_maurya/ros2_ws/src/Auto_Wheelchair_repo/install/wc_robot/share/ament_index/resource_index/packages
copying package.xml -> /home/vikas_maurya/ros2_ws/src/Auto_Wheelchair_repo/install/wc_robot/share/wc_robot
running install_egg_info
Copying ../build/wc_robot/wc_robot.egg-info to /home/vikas_maurya/ros2_ws/src/Auto_Wheelchair_repo/install/wc_robot/lib/python3.10/site-packages/wc_robot-0.0.0-py3.10.egg-info
running install_scripts
writing list of installed files to '/home/vikas_maurya/ros2_ws/src/Auto_Wheelchair_repo/build/wc_robot/install.log'
