[0.361s] Invoking command in '/home/vikas_maurya/ros2_ws/src/Auto_Wheelchair_repo/wc_robot': PYTHONPATH=/home/vikas_maurya/ros2_ws/src/Auto_Wheelchair_repo/build/wc_robot/prefix_override:/usr/lib/python3/dist-packages/colcon_core/task/python/colcon_distutils_commands:/home/vikas_maurya/ros2_ws/src/Auto_Wheelchair_repo/install/wc_robot/lib/python3.10/site-packages:${PYTHONPATH} /usr/bin/python3 -W ignore:setup.py install is deprecated -W ignore:easy_install command is deprecated setup.py egg_info --egg-base ../build/wc_robot build --build-base /home/vikas_maurya/ros2_ws/src/Auto_Wheelchair_repo/build/wc_robot/build install --record /home/vikas_maurya/ros2_ws/src/Auto_Wheelchair_repo/build/wc_robot/install.log --single-version-externally-managed install_data
[0.493s] running egg_info
[0.494s] creating ../build/wc_robot/wc_robot.egg-info
[0.494s] writing ../build/wc_robot/wc_robot.egg-info/PKG-INFO
[0.494s] writing dependency_links to ../build/wc_robot/wc_robot.egg-info/dependency_links.txt
[0.494s] writing entry points to ../build/wc_robot/wc_robot.egg-info/entry_points.txt
[0.494s] writing requirements to ../build/wc_robot/wc_robot.egg-info/requires.txt
[0.494s] writing top-level names to ../build/wc_robot/wc_robot.egg-info/top_level.txt
[0.494s] writing manifest file '../build/wc_robot/wc_robot.egg-info/SOURCES.txt'
[0.495s] reading manifest file '../build/wc_robot/wc_robot.egg-info/SOURCES.txt'
[0.495s] writing manifest file '../build/wc_robot/wc_robot.egg-info/SOURCES.txt'
[0.495s] running build
[0.495s] running build_py
[0.496s] creating /home/vikas_maurya/ros2_ws/src/Auto_Wheelchair_repo/build/wc_robot/build
[0.496s] creating /home/vikas_maurya/ros2_ws/src/Auto_Wheelchair_repo/build/wc_robot/build/lib
[0.496s] creating /home/vikas_maurya/ros2_ws/src/Auto_Wheelchair_repo/build/wc_robot/build/lib/wc_robot
[0.496s] copying wc_robot/__init__.py -> /home/vikas_maurya/ros2_ws/src/Auto_Wheelchair_repo/build/wc_robot/build/lib/wc_robot
[0.496s] running install
[0.496s] running install_lib
[0.496s] creating /home/vikas_maurya/ros2_ws/src/Auto_Wheelchair_repo/install/wc_robot/lib/python3.10/site-packages/wc_robot
[0.496s] copying /home/vikas_maurya/ros2_ws/src/Auto_Wheelchair_repo/build/wc_robot/build/lib/wc_robot/__init__.py -> /home/vikas_maurya/ros2_ws/src/Auto_Wheelchair_repo/install/wc_robot/lib/python3.10/site-packages/wc_robot
[0.497s] byte-compiling /home/vikas_maurya/ros2_ws/src/Auto_Wheelchair_repo/install/wc_robot/lib/python3.10/site-packages/wc_robot/__init__.py to __init__.cpython-310.pyc
[0.497s] running install_data
[0.497s] creating /home/vikas_maurya/ros2_ws/src/Auto_Wheelchair_repo/install/wc_robot/share/ament_index
[0.497s] creating /home/vikas_maurya/ros2_ws/src/Auto_Wheelchair_repo/install/wc_robot/share/ament_index/resource_index
[0.497s] creating /home/vikas_maurya/ros2_ws/src/Auto_Wheelchair_repo/install/wc_robot/share/ament_index/resource_index/packages
[0.497s] copying resource/wc_robot -> /home/vikas_maurya/ros2_ws/src/Auto_Wheelchair_repo/install/wc_robot/share/ament_index/resource_index/packages
[0.497s] copying package.xml -> /home/vikas_maurya/ros2_ws/src/Auto_Wheelchair_repo/install/wc_robot/share/wc_robot
[0.497s] running install_egg_info
[0.498s] Copying ../build/wc_robot/wc_robot.egg-info to /home/vikas_maurya/ros2_ws/src/Auto_Wheelchair_repo/install/wc_robot/lib/python3.10/site-packages/wc_robot-0.0.0-py3.10.egg-info
[0.498s] running install_scripts
[0.511s] writing list of installed files to '/home/vikas_maurya/ros2_ws/src/Auto_Wheelchair_repo/build/wc_robot/install.log'
[0.527s] Invoked command in '/home/vikas_maurya/ros2_ws/src/Auto_Wheelchair_repo/wc_robot' returned '0': PYTHONPATH=/home/vikas_maurya/ros2_ws/src/Auto_Wheelchair_repo/build/wc_robot/prefix_override:/usr/lib/python3/dist-packages/colcon_core/task/python/colcon_distutils_commands:/home/vikas_maurya/ros2_ws/src/Auto_Wheelchair_repo/install/wc_robot/lib/python3.10/site-packages:${PYTHONPATH} /usr/bin/python3 -W ignore:setup.py install is deprecated -W ignore:easy_install command is deprecated setup.py egg_info --egg-base ../build/wc_robot build --build-base /home/vikas_maurya/ros2_ws/src/Auto_Wheelchair_repo/build/wc_robot/build install --record /home/vikas_maurya/ros2_ws/src/Auto_Wheelchair_repo/build/wc_robot/install.log --single-version-externally-managed install_data
