[0.347s] Invoking command in '/home/vikas_maurya/ros2_ws/src/Auto_Wheelchair_repo/wc_robot/build/wc_robot': PYTHONPATH=/home/vikas_maurya/ros2_ws/src/Auto_Wheelchair_repo/wc_robot/build/wc_robot/prefix_override:/usr/lib/python3/dist-packages/colcon_core/task/python/colcon_distutils_commands:/home/vikas_maurya/ros2_ws/src/Auto_Wheelchair_repo/wc_robot/install/wc_robot/lib/python3.10/site-packages:${PYTHONPATH} /usr/bin/python3 -W ignore:setup.py install is deprecated -W ignore:easy_install command is deprecated setup.py develop --editable --build-directory /home/vikas_maurya/ros2_ws/src/Auto_Wheelchair_repo/wc_robot/build/wc_robot/build --no-deps symlink_data
[0.491s] running develop
[0.576s] running egg_info
[0.576s] creating wc_robot.egg-info
[0.576s] writing wc_robot.egg-info/PKG-INFO
[0.576s] writing dependency_links to wc_robot.egg-info/dependency_links.txt
[0.576s] writing entry points to wc_robot.egg-info/entry_points.txt
[0.576s] writing requirements to wc_robot.egg-info/requires.txt
[0.576s] writing top-level names to wc_robot.egg-info/top_level.txt
[0.576s] writing manifest file 'wc_robot.egg-info/SOURCES.txt'
[0.577s] reading manifest file 'wc_robot.egg-info/SOURCES.txt'
[0.577s] writing manifest file 'wc_robot.egg-info/SOURCES.txt'
[0.578s] running build_ext
[0.578s] Creating /home/vikas_maurya/ros2_ws/src/Auto_Wheelchair_repo/wc_robot/install/wc_robot/lib/python3.10/site-packages/wc-robot.egg-link (link to .)
[0.578s] 
[0.578s] Installed /home/vikas_maurya/ros2_ws/src/Auto_Wheelchair_repo/wc_robot/build/wc_robot
[0.579s] running symlink_data
[0.579s] creating /home/vikas_maurya/ros2_ws/src/Auto_Wheelchair_repo/wc_robot/install/wc_robot/share/ament_index
[0.579s] creating /home/vikas_maurya/ros2_ws/src/Auto_Wheelchair_repo/wc_robot/install/wc_robot/share/ament_index/resource_index
[0.579s] creating /home/vikas_maurya/ros2_ws/src/Auto_Wheelchair_repo/wc_robot/install/wc_robot/share/ament_index/resource_index/packages
[0.579s] symbolically linking /home/vikas_maurya/ros2_ws/src/Auto_Wheelchair_repo/wc_robot/build/wc_robot/resource/wc_robot -> /home/vikas_maurya/ros2_ws/src/Auto_Wheelchair_repo/wc_robot/install/wc_robot/share/ament_index/resource_index/packages
[0.579s] symbolically linking /home/vikas_maurya/ros2_ws/src/Auto_Wheelchair_repo/wc_robot/build/wc_robot/package.xml -> /home/vikas_maurya/ros2_ws/src/Auto_Wheelchair_repo/wc_robot/install/wc_robot/share/wc_robot
[0.579s] creating /home/vikas_maurya/ros2_ws/src/Auto_Wheelchair_repo/wc_robot/install/wc_robot/share/wc_robot/launch
[0.579s] symbolically linking /home/vikas_maurya/ros2_ws/src/Auto_Wheelchair_repo/wc_robot/build/wc_robot/launch/gzebo_rviz.launch.py -> /home/vikas_maurya/ros2_ws/src/Auto_Wheelchair_repo/wc_robot/install/wc_robot/share/wc_robot/launch
[0.594s] Invoked command in '/home/vikas_maurya/ros2_ws/src/Auto_Wheelchair_repo/wc_robot/build/wc_robot' returned '0': PYTHONPATH=/home/vikas_maurya/ros2_ws/src/Auto_Wheelchair_repo/wc_robot/build/wc_robot/prefix_override:/usr/lib/python3/dist-packages/colcon_core/task/python/colcon_distutils_commands:/home/vikas_maurya/ros2_ws/src/Auto_Wheelchair_repo/wc_robot/install/wc_robot/lib/python3.10/site-packages:${PYTHONPATH} /usr/bin/python3 -W ignore:setup.py install is deprecated -W ignore:easy_install command is deprecated setup.py develop --editable --build-directory /home/vikas_maurya/ros2_ws/src/Auto_Wheelchair_repo/wc_robot/build/wc_robot/build --no-deps symlink_data
