[0.067s] DEBUG:colcon:Command line arguments: ['/usr/bin/colcon', 'build']
[0.067s] DEBUG:colcon:Parsed command line arguments: Namespace(log_base=None, log_level=None, verb_name='build', build_base='build', install_base='install', merge_install=False, symlink_install=False, test_result_base=None, continue_on_error=False, executor='parallel', parallel_workers=12, event_handlers=None, ignore_user_meta=False, metas=['./colcon.meta'], base_paths=['.'], packages_ignore=None, packages_ignore_regex=None, paths=None, packages_up_to=None, packages_up_to_regex=None, packages_above=None, packages_above_and_dependencies=None, packages_above_depth=None, packages_select_by_dep=None, packages_skip_by_dep=None, packages_skip_up_to=None, packages_select_build_failed=False, packages_skip_build_finished=False, packages_select_test_failures=False, packages_skip_test_passed=False, packages_select=None, packages_skip=None, packages_select_regex=None, packages_skip_regex=None, packages_start=None, packages_end=None, allow_overriding=[], cmake_args=None, cmake_target=None, cmake_target_skip_unavailable=False, cmake_clean_cache=False, cmake_clean_first=False, cmake_force_configure=False, ament_cmake_args=None, catkin_cmake_args=None, catkin_skip_building_tests=False, verb_parser=<colcon_defaults.argument_parser.defaults.DefaultArgumentsDecorator object at 0x72b3b0d517e0>, verb_extension=<colcon_core.verb.build.BuildVerb object at 0x72b3b0d51300>, main=<bound method BuildVerb.main of <colcon_core.verb.build.BuildVerb object at 0x72b3b0d51300>>)
[0.155s] Level 1:colcon.colcon_core.package_discovery:discover_packages(colcon_meta) check parameters
[0.155s] Level 1:colcon.colcon_core.package_discovery:discover_packages(recursive) check parameters
[0.155s] Level 1:colcon.colcon_core.package_discovery:discover_packages(ignore) check parameters
[0.155s] Level 1:colcon.colcon_core.package_discovery:discover_packages(path) check parameters
[0.155s] Level 1:colcon.colcon_core.package_discovery:discover_packages(colcon_meta) discover
[0.155s] Level 1:colcon.colcon_core.package_discovery:discover_packages(recursive) discover
[0.155s] INFO:colcon.colcon_core.package_discovery:Crawling recursively for packages in '/home/vikas_maurya/ros2_ws/src/Auto_Wheelchair_repo'
[0.155s] Level 1:colcon.colcon_core.package_identification:_identify(.) by extensions ['ignore', 'ignore_ament_install']
[0.155s] Level 1:colcon.colcon_core.package_identification:_identify(.) by extension 'ignore'
[0.155s] Level 1:colcon.colcon_core.package_identification:_identify(.) by extension 'ignore_ament_install'
[0.155s] Level 1:colcon.colcon_core.package_identification:_identify(.) by extensions ['colcon_pkg']
[0.155s] Level 1:colcon.colcon_core.package_identification:_identify(.) by extension 'colcon_pkg'
[0.156s] Level 1:colcon.colcon_core.package_identification:_identify(.) by extensions ['colcon_meta']
[0.156s] Level 1:colcon.colcon_core.package_identification:_identify(.) by extension 'colcon_meta'
[0.156s] Level 1:colcon.colcon_core.package_identification:_identify(.) by extensions ['ros']
[0.156s] Level 1:colcon.colcon_core.package_identification:_identify(.) by extension 'ros'
[0.162s] Level 1:colcon.colcon_core.package_identification:_identify(.) by extensions ['cmake', 'python']
[0.162s] Level 1:colcon.colcon_core.package_identification:_identify(.) by extension 'cmake'
[0.162s] Level 1:colcon.colcon_core.package_identification:_identify(.) by extension 'python'
[0.162s] Level 1:colcon.colcon_core.package_identification:_identify(.) by extensions ['python_setup_py']
[0.162s] Level 1:colcon.colcon_core.package_identification:_identify(.) by extension 'python_setup_py'
[0.162s] Level 1:colcon.colcon_core.package_identification:_identify(build) by extensions ['ignore', 'ignore_ament_install']
[0.162s] Level 1:colcon.colcon_core.package_identification:_identify(build) by extension 'ignore'
[0.162s] Level 1:colcon.colcon_core.package_identification:_identify(build) ignored
[0.162s] Level 1:colcon.colcon_core.package_identification:_identify(install) by extensions ['ignore', 'ignore_ament_install']
[0.162s] Level 1:colcon.colcon_core.package_identification:_identify(install) by extension 'ignore'
[0.162s] Level 1:colcon.colcon_core.package_identification:_identify(install) ignored
[0.162s] Level 1:colcon.colcon_core.package_identification:_identify(log) by extensions ['ignore', 'ignore_ament_install']
[0.162s] Level 1:colcon.colcon_core.package_identification:_identify(log) by extension 'ignore'
[0.162s] Level 1:colcon.colcon_core.package_identification:_identify(log) ignored
[0.162s] Level 1:colcon.colcon_core.package_identification:_identify(wc_robot) by extensions ['ignore', 'ignore_ament_install']
[0.162s] Level 1:colcon.colcon_core.package_identification:_identify(wc_robot) by extension 'ignore'
[0.162s] Level 1:colcon.colcon_core.package_identification:_identify(wc_robot) by extension 'ignore_ament_install'
[0.162s] Level 1:colcon.colcon_core.package_identification:_identify(wc_robot) by extensions ['colcon_pkg']
[0.162s] Level 1:colcon.colcon_core.package_identification:_identify(wc_robot) by extension 'colcon_pkg'
[0.162s] Level 1:colcon.colcon_core.package_identification:_identify(wc_robot) by extensions ['colcon_meta']
[0.162s] Level 1:colcon.colcon_core.package_identification:_identify(wc_robot) by extension 'colcon_meta'
[0.162s] Level 1:colcon.colcon_core.package_identification:_identify(wc_robot) by extensions ['ros']
[0.162s] Level 1:colcon.colcon_core.package_identification:_identify(wc_robot) by extension 'ros'
[0.164s] DEBUG:colcon.colcon_core.package_identification:Package 'wc_robot' with type 'ros.ament_python' and name 'wc_robot'
[0.164s] Level 1:colcon.colcon_core.package_discovery:discover_packages(recursive) using defaults
[0.164s] Level 1:colcon.colcon_core.package_discovery:discover_packages(ignore) discover
[0.164s] Level 1:colcon.colcon_core.package_discovery:discover_packages(ignore) using defaults
[0.164s] Level 1:colcon.colcon_core.package_discovery:discover_packages(path) discover
[0.164s] Level 1:colcon.colcon_core.package_discovery:discover_packages(path) using defaults
[0.181s] Level 1:colcon.colcon_core.package_discovery:discover_packages(prefix_path) check parameters
[0.181s] Level 1:colcon.colcon_core.package_discovery:discover_packages(prefix_path) discover
[0.182s] DEBUG:colcon.colcon_installed_package_information.package_discovery:Found 1 installed packages in /home/vikas_maurya/ros2_ws/install
[0.183s] DEBUG:colcon.colcon_installed_package_information.package_discovery:Found 387 installed packages in /opt/ros/humble
[0.184s] Level 1:colcon.colcon_core.package_discovery:discover_packages(prefix_path) using defaults
[0.207s] Level 5:colcon.colcon_core.verb:set package 'wc_robot' build argument 'cmake_args' from command line to 'None'
[0.207s] Level 5:colcon.colcon_core.verb:set package 'wc_robot' build argument 'cmake_target' from command line to 'None'
[0.207s] Level 5:colcon.colcon_core.verb:set package 'wc_robot' build argument 'cmake_target_skip_unavailable' from command line to 'False'
[0.207s] Level 5:colcon.colcon_core.verb:set package 'wc_robot' build argument 'cmake_clean_cache' from command line to 'False'
[0.207s] Level 5:colcon.colcon_core.verb:set package 'wc_robot' build argument 'cmake_clean_first' from command line to 'False'
[0.208s] Level 5:colcon.colcon_core.verb:set package 'wc_robot' build argument 'cmake_force_configure' from command line to 'False'
[0.208s] Level 5:colcon.colcon_core.verb:set package 'wc_robot' build argument 'ament_cmake_args' from command line to 'None'
[0.208s] Level 5:colcon.colcon_core.verb:set package 'wc_robot' build argument 'catkin_cmake_args' from command line to 'None'
[0.208s] Level 5:colcon.colcon_core.verb:set package 'wc_robot' build argument 'catkin_skip_building_tests' from command line to 'False'
[0.208s] DEBUG:colcon.colcon_core.verb:Building package 'wc_robot' with the following arguments: {'ament_cmake_args': None, 'build_base': '/home/vikas_maurya/ros2_ws/src/Auto_Wheelchair_repo/build/wc_robot', 'catkin_cmake_args': None, 'catkin_skip_building_tests': False, 'cmake_args': None, 'cmake_clean_cache': False, 'cmake_clean_first': False, 'cmake_force_configure': False, 'cmake_target': None, 'cmake_target_skip_unavailable': False, 'install_base': '/home/vikas_maurya/ros2_ws/src/Auto_Wheelchair_repo/install/wc_robot', 'merge_install': False, 'path': '/home/vikas_maurya/ros2_ws/src/Auto_Wheelchair_repo/wc_robot', 'symlink_install': False, 'test_result_base': None}
[0.208s] INFO:colcon.colcon_core.executor:Executing jobs using 'parallel' executor
[0.208s] DEBUG:colcon.colcon_parallel_executor.executor.parallel:run_until_complete
[0.209s] INFO:colcon.colcon_ros.task.ament_python.build:Building ROS package in '/home/vikas_maurya/ros2_ws/src/Auto_Wheelchair_repo/wc_robot' with build type 'ament_python'
[0.209s] Level 1:colcon.colcon_core.shell:create_environment_hook('wc_robot', 'ament_prefix_path')
[0.210s] INFO:colcon.colcon_core.plugin_system:Skipping extension 'colcon_core.shell.bat': Not used on non-Windows systems
[0.210s] INFO:colcon.colcon_core.shell:Creating environment hook '/home/vikas_maurya/ros2_ws/src/Auto_Wheelchair_repo/install/wc_robot/share/wc_robot/hook/ament_prefix_path.ps1'
[0.210s] INFO:colcon.colcon_core.shell:Creating environment descriptor '/home/vikas_maurya/ros2_ws/src/Auto_Wheelchair_repo/install/wc_robot/share/wc_robot/hook/ament_prefix_path.dsv'
[0.210s] INFO:colcon.colcon_core.shell:Creating environment hook '/home/vikas_maurya/ros2_ws/src/Auto_Wheelchair_repo/install/wc_robot/share/wc_robot/hook/ament_prefix_path.sh'
[0.211s] INFO:colcon.colcon_core.shell:Skip shell extension 'powershell' for command environment: Not usable outside of PowerShell
[0.211s] DEBUG:colcon.colcon_core.shell:Skip shell extension 'dsv' for command environment
[0.359s] INFO:colcon.colcon_core.task.python.build:Building Python package in '/home/vikas_maurya/ros2_ws/src/Auto_Wheelchair_repo/wc_robot'
[0.359s] INFO:colcon.colcon_core.shell:Skip shell extension 'powershell' for command environment: Not usable outside of PowerShell
[0.359s] DEBUG:colcon.colcon_core.shell:Skip shell extension 'dsv' for command environment
[0.558s] DEBUG:colcon.colcon_core.event_handler.log_command:Invoking command in '/home/vikas_maurya/ros2_ws/src/Auto_Wheelchair_repo/wc_robot': PYTHONPATH=/home/vikas_maurya/ros2_ws/src/Auto_Wheelchair_repo/build/wc_robot/prefix_override:/usr/lib/python3/dist-packages/colcon_core/task/python/colcon_distutils_commands:/home/vikas_maurya/ros2_ws/src/Auto_Wheelchair_repo/install/wc_robot/lib/python3.10/site-packages:${PYTHONPATH} /usr/bin/python3 -W ignore:setup.py install is deprecated -W ignore:easy_install command is deprecated setup.py egg_info --egg-base ../build/wc_robot build --build-base /home/vikas_maurya/ros2_ws/src/Auto_Wheelchair_repo/build/wc_robot/build install --record /home/vikas_maurya/ros2_ws/src/Auto_Wheelchair_repo/build/wc_robot/install.log --single-version-externally-managed install_data
[0.730s] DEBUG:colcon.colcon_core.event_handler.log_command:Invoked command in '/home/vikas_maurya/ros2_ws/src/Auto_Wheelchair_repo/wc_robot' returned '0': PYTHONPATH=/home/vikas_maurya/ros2_ws/src/Auto_Wheelchair_repo/build/wc_robot/prefix_override:/usr/lib/python3/dist-packages/colcon_core/task/python/colcon_distutils_commands:/home/vikas_maurya/ros2_ws/src/Auto_Wheelchair_repo/install/wc_robot/lib/python3.10/site-packages:${PYTHONPATH} /usr/bin/python3 -W ignore:setup.py install is deprecated -W ignore:easy_install command is deprecated setup.py egg_info --egg-base ../build/wc_robot build --build-base /home/vikas_maurya/ros2_ws/src/Auto_Wheelchair_repo/build/wc_robot/build install --record /home/vikas_maurya/ros2_ws/src/Auto_Wheelchair_repo/build/wc_robot/install.log --single-version-externally-managed install_data
[0.731s] Level 1:colcon.colcon_core.environment:checking '/home/vikas_maurya/ros2_ws/src/Auto_Wheelchair_repo/install/wc_robot' for CMake module files
[0.731s] Level 1:colcon.colcon_core.environment:checking '/home/vikas_maurya/ros2_ws/src/Auto_Wheelchair_repo/install/wc_robot' for CMake config files
[0.732s] Level 1:colcon.colcon_core.environment:checking '/home/vikas_maurya/ros2_ws/src/Auto_Wheelchair_repo/install/wc_robot/lib'
[0.732s] Level 1:colcon.colcon_core.environment:checking '/home/vikas_maurya/ros2_ws/src/Auto_Wheelchair_repo/install/wc_robot/bin'
[0.732s] Level 1:colcon.colcon_core.environment:checking '/home/vikas_maurya/ros2_ws/src/Auto_Wheelchair_repo/install/wc_robot/lib/pkgconfig/wc_robot.pc'
[0.732s] Level 1:colcon.colcon_core.environment:checking '/home/vikas_maurya/ros2_ws/src/Auto_Wheelchair_repo/install/wc_robot/lib/python3.10/site-packages'
[0.732s] Level 1:colcon.colcon_core.shell:create_environment_hook('wc_robot', 'pythonpath')
[0.732s] INFO:colcon.colcon_core.shell:Creating environment hook '/home/vikas_maurya/ros2_ws/src/Auto_Wheelchair_repo/install/wc_robot/share/wc_robot/hook/pythonpath.ps1'
[0.732s] INFO:colcon.colcon_core.shell:Creating environment descriptor '/home/vikas_maurya/ros2_ws/src/Auto_Wheelchair_repo/install/wc_robot/share/wc_robot/hook/pythonpath.dsv'
[0.733s] INFO:colcon.colcon_core.shell:Creating environment hook '/home/vikas_maurya/ros2_ws/src/Auto_Wheelchair_repo/install/wc_robot/share/wc_robot/hook/pythonpath.sh'
[0.733s] Level 1:colcon.colcon_core.environment:checking '/home/vikas_maurya/ros2_ws/src/Auto_Wheelchair_repo/install/wc_robot/bin'
[0.733s] Level 1:colcon.colcon_core.environment:create_environment_scripts_only(wc_robot)
[0.733s] INFO:colcon.colcon_core.shell:Creating package script '/home/vikas_maurya/ros2_ws/src/Auto_Wheelchair_repo/install/wc_robot/share/wc_robot/package.ps1'
[0.734s] INFO:colcon.colcon_core.shell:Creating package descriptor '/home/vikas_maurya/ros2_ws/src/Auto_Wheelchair_repo/install/wc_robot/share/wc_robot/package.dsv'
[0.734s] INFO:colcon.colcon_core.shell:Creating package script '/home/vikas_maurya/ros2_ws/src/Auto_Wheelchair_repo/install/wc_robot/share/wc_robot/package.sh'
[0.734s] INFO:colcon.colcon_core.shell:Creating package script '/home/vikas_maurya/ros2_ws/src/Auto_Wheelchair_repo/install/wc_robot/share/wc_robot/package.bash'
[0.735s] INFO:colcon.colcon_core.shell:Creating package script '/home/vikas_maurya/ros2_ws/src/Auto_Wheelchair_repo/install/wc_robot/share/wc_robot/package.zsh'
[0.735s] Level 1:colcon.colcon_core.environment:create_file_with_runtime_dependencies(/home/vikas_maurya/ros2_ws/src/Auto_Wheelchair_repo/install/wc_robot/share/colcon-core/packages/wc_robot)
[0.735s] DEBUG:colcon.colcon_parallel_executor.executor.parallel:closing loop
[0.735s] DEBUG:colcon.colcon_parallel_executor.executor.parallel:loop closed
[0.735s] DEBUG:colcon.colcon_parallel_executor.executor.parallel:run_until_complete finished with '0'
[0.735s] DEBUG:colcon.colcon_core.event_reactor:joining thread
[0.740s] INFO:colcon.colcon_core.plugin_system:Skipping extension 'colcon_notification.desktop_notification.terminal_notifier': Not used on non-Darwin systems
[0.740s] INFO:colcon.colcon_core.plugin_system:Skipping extension 'colcon_notification.desktop_notification.win32': Not used on non-Windows systems
[0.740s] INFO:colcon.colcon_notification.desktop_notification:Sending desktop notification using 'notify2'
[0.749s] DEBUG:colcon.colcon_core.event_reactor:joined thread
[0.749s] INFO:colcon.colcon_core.shell:Creating prefix script '/home/vikas_maurya/ros2_ws/src/Auto_Wheelchair_repo/install/local_setup.ps1'
[0.750s] INFO:colcon.colcon_core.shell:Creating prefix util module '/home/vikas_maurya/ros2_ws/src/Auto_Wheelchair_repo/install/_local_setup_util_ps1.py'
[0.750s] INFO:colcon.colcon_core.shell:Creating prefix chain script '/home/vikas_maurya/ros2_ws/src/Auto_Wheelchair_repo/install/setup.ps1'
[0.751s] INFO:colcon.colcon_core.shell:Creating prefix script '/home/vikas_maurya/ros2_ws/src/Auto_Wheelchair_repo/install/local_setup.sh'
[0.751s] INFO:colcon.colcon_core.shell:Creating prefix util module '/home/vikas_maurya/ros2_ws/src/Auto_Wheelchair_repo/install/_local_setup_util_sh.py'
[0.751s] INFO:colcon.colcon_core.shell:Creating prefix chain script '/home/vikas_maurya/ros2_ws/src/Auto_Wheelchair_repo/install/setup.sh'
[0.752s] INFO:colcon.colcon_core.shell:Creating prefix script '/home/vikas_maurya/ros2_ws/src/Auto_Wheelchair_repo/install/local_setup.bash'
[0.752s] INFO:colcon.colcon_core.shell:Creating prefix chain script '/home/vikas_maurya/ros2_ws/src/Auto_Wheelchair_repo/install/setup.bash'
[0.753s] INFO:colcon.colcon_core.shell:Creating prefix script '/home/vikas_maurya/ros2_ws/src/Auto_Wheelchair_repo/install/local_setup.zsh'
[0.753s] INFO:colcon.colcon_core.shell:Creating prefix chain script '/home/vikas_maurya/ros2_ws/src/Auto_Wheelchair_repo/install/setup.zsh'
