[0.014s] Invoking command in '/home/vikas_maurya/wc_ws/build/ydlidar_ros2_driver': CMAKE_PREFIX_PATH=${CMAKE_PREFIX_PATH}:/home/vikas_maurya/wc_ws/install/pre_launch:/home/vikas_maurya/ros2_ws/install/wc_teleop:/home/vikas_maurya/ros2_ws/install/wc_example:/opt/ros/humble /usr/bin/cmake --build /home/vikas_maurya/wc_ws/build/ydlidar_ros2_driver -- -j12 -l12
[0.071s] [ 50%] Built target ydlidar_ros2_driver_node
[0.072s] [100%] Built target ydlidar_ros2_driver_client
[0.093s] Invoked command in '/home/vikas_maurya/wc_ws/build/ydlidar_ros2_driver' returned '0': CMAKE_PREFIX_PATH=${CMAKE_PREFIX_PATH}:/home/vikas_maurya/wc_ws/install/pre_launch:/home/vikas_maurya/ros2_ws/install/wc_teleop:/home/vikas_maurya/ros2_ws/install/wc_example:/opt/ros/humble /usr/bin/cmake --build /home/vikas_maurya/wc_ws/build/ydlidar_ros2_driver -- -j12 -l12
[0.094s] Invoking command in '/home/vikas_maurya/wc_ws/build/ydlidar_ros2_driver': CMAKE_PREFIX_PATH=${CMAKE_PREFIX_PATH}:/home/vikas_maurya/wc_ws/install/pre_launch:/home/vikas_maurya/ros2_ws/install/wc_teleop:/home/vikas_maurya/ros2_ws/install/wc_example:/opt/ros/humble /usr/bin/cmake --install /home/vikas_maurya/wc_ws/build/ydlidar_ros2_driver
[0.102s] -- Install configuration: ""
[0.102s] -- Up-to-date: /home/vikas_maurya/wc_ws/install/ydlidar_ros2_driver/lib/ydlidar_ros2_driver/ydlidar_ros2_driver_node
[0.102s] -- Up-to-date: /home/vikas_maurya/wc_ws/install/ydlidar_ros2_driver/lib/ydlidar_ros2_driver/ydlidar_ros2_driver_client
[0.102s] -- Up-to-date: /home/vikas_maurya/wc_ws/install/ydlidar_ros2_driver/share/ydlidar_ros2_driver/launch
[0.102s] -- Up-to-date: /home/vikas_maurya/wc_ws/install/ydlidar_ros2_driver/share/ydlidar_ros2_driver/launch/ydlidar.py
[0.103s] -- Up-to-date: /home/vikas_maurya/wc_ws/install/ydlidar_ros2_driver/share/ydlidar_ros2_driver/launch/ydlidar_launch_view.py
[0.103s] -- Up-to-date: /home/vikas_maurya/wc_ws/install/ydlidar_ros2_driver/share/ydlidar_ros2_driver/launch/ydlidar_launch.py
[0.103s] -- Up-to-date: /home/vikas_maurya/wc_ws/install/ydlidar_ros2_driver/share/ydlidar_ros2_driver/params
[0.103s] -- Up-to-date: /home/vikas_maurya/wc_ws/install/ydlidar_ros2_driver/share/ydlidar_ros2_driver/params/X4.yaml
[0.103s] -- Up-to-date: /home/vikas_maurya/wc_ws/install/ydlidar_ros2_driver/share/ydlidar_ros2_driver/params/TminiPro.yaml
[0.103s] -- Up-to-date: /home/vikas_maurya/wc_ws/install/ydlidar_ros2_driver/share/ydlidar_ros2_driver/params/G6.yaml
[0.103s] -- Up-to-date: /home/vikas_maurya/wc_ws/install/ydlidar_ros2_driver/share/ydlidar_ros2_driver/params/GS2.yaml
[0.103s] -- Up-to-date: /home/vikas_maurya/wc_ws/install/ydlidar_ros2_driver/share/ydlidar_ros2_driver/params/X2.yaml
[0.103s] -- Up-to-date: /home/vikas_maurya/wc_ws/install/ydlidar_ros2_driver/share/ydlidar_ros2_driver/params/ydlidar.yaml
[0.103s] -- Up-to-date: /home/vikas_maurya/wc_ws/install/ydlidar_ros2_driver/share/ydlidar_ros2_driver/params/X4-Pro.yaml
[0.103s] -- Up-to-date: /home/vikas_maurya/wc_ws/install/ydlidar_ros2_driver/share/ydlidar_ros2_driver/params/G2.yaml
[0.104s] -- Up-to-date: /home/vikas_maurya/wc_ws/install/ydlidar_ros2_driver/share/ydlidar_ros2_driver/params/TEA.yaml
[0.104s] -- Up-to-date: /home/vikas_maurya/wc_ws/install/ydlidar_ros2_driver/share/ydlidar_ros2_driver/params/G1.yaml
[0.104s] -- Up-to-date: /home/vikas_maurya/wc_ws/install/ydlidar_ros2_driver/share/ydlidar_ros2_driver/params/TG.yaml
[0.104s] -- Up-to-date: /home/vikas_maurya/wc_ws/install/ydlidar_ros2_driver/share/ydlidar_ros2_driver/startup
[0.104s] -- Up-to-date: /home/vikas_maurya/wc_ws/install/ydlidar_ros2_driver/share/ydlidar_ros2_driver/startup/initenv.sh
[0.104s] -- Up-to-date: /home/vikas_maurya/wc_ws/install/ydlidar_ros2_driver/share/ydlidar_ros2_driver/config
[0.104s] -- Up-to-date: /home/vikas_maurya/wc_ws/install/ydlidar_ros2_driver/share/ydlidar_ros2_driver/config/ydlidar.rviz
[0.104s] -- Up-to-date: /home/vikas_maurya/wc_ws/install/ydlidar_ros2_driver/share/ament_index/resource_index/package_run_dependencies/ydlidar_ros2_driver
[0.104s] -- Up-to-date: /home/vikas_maurya/wc_ws/install/ydlidar_ros2_driver/share/ament_index/resource_index/parent_prefix_path/ydlidar_ros2_driver
[0.104s] -- Up-to-date: /home/vikas_maurya/wc_ws/install/ydlidar_ros2_driver/share/ydlidar_ros2_driver/environment/ament_prefix_path.sh
[0.104s] -- Up-to-date: /home/vikas_maurya/wc_ws/install/ydlidar_ros2_driver/share/ydlidar_ros2_driver/environment/ament_prefix_path.dsv
[0.104s] -- Up-to-date: /home/vikas_maurya/wc_ws/install/ydlidar_ros2_driver/share/ydlidar_ros2_driver/environment/path.sh
[0.105s] -- Up-to-date: /home/vikas_maurya/wc_ws/install/ydlidar_ros2_driver/share/ydlidar_ros2_driver/environment/path.dsv
[0.105s] -- Up-to-date: /home/vikas_maurya/wc_ws/install/ydlidar_ros2_driver/share/ydlidar_ros2_driver/local_setup.bash
[0.105s] -- Up-to-date: /home/vikas_maurya/wc_ws/install/ydlidar_ros2_driver/share/ydlidar_ros2_driver/local_setup.sh
[0.105s] -- Up-to-date: /home/vikas_maurya/wc_ws/install/ydlidar_ros2_driver/share/ydlidar_ros2_driver/local_setup.zsh
[0.105s] -- Up-to-date: /home/vikas_maurya/wc_ws/install/ydlidar_ros2_driver/share/ydlidar_ros2_driver/local_setup.dsv
[0.105s] -- Installing: /home/vikas_maurya/wc_ws/install/ydlidar_ros2_driver/share/ydlidar_ros2_driver/package.dsv
[0.105s] -- Up-to-date: /home/vikas_maurya/wc_ws/install/ydlidar_ros2_driver/share/ament_index/resource_index/packages/ydlidar_ros2_driver
[0.105s] -- Up-to-date: /home/vikas_maurya/wc_ws/install/ydlidar_ros2_driver/share/ydlidar_ros2_driver/cmake/ydlidar_ros2_driverConfig.cmake
[0.105s] -- Up-to-date: /home/vikas_maurya/wc_ws/install/ydlidar_ros2_driver/share/ydlidar_ros2_driver/cmake/ydlidar_ros2_driverConfig-version.cmake
[0.105s] -- Up-to-date: /home/vikas_maurya/wc_ws/install/ydlidar_ros2_driver/share/ydlidar_ros2_driver/package.xml
[0.106s] Invoked command in '/home/vikas_maurya/wc_ws/build/ydlidar_ros2_driver' returned '0': CMAKE_PREFIX_PATH=${CMAKE_PREFIX_PATH}:/home/vikas_maurya/wc_ws/install/pre_launch:/home/vikas_maurya/ros2_ws/install/wc_teleop:/home/vikas_maurya/ros2_ws/install/wc_example:/opt/ros/humble /usr/bin/cmake --install /home/vikas_maurya/wc_ws/build/ydlidar_ros2_driver
