[0.014s] Invoking command in '/home/vikas_maurya/wc_ws/build/wc_description': CMAKE_PREFIX_PATH=${CMAKE_PREFIX_PATH}:/home/vikas_maurya/wc_ws/install/pre_launch:/home/vikas_maurya/ros2_ws/install/wc_teleop:/home/vikas_maurya/ros2_ws/install/wc_example:/opt/ros/humble /usr/bin/cmake /home/vikas_maurya/wc_ws/src/wc_description -DCMAKE_INSTALL_PREFIX=/home/vikas_maurya/wc_ws/install/wc_description
[0.067s] -- The C compiler identification is GNU 11.4.0
[0.124s] -- The CXX compiler identification is GNU 11.4.0
[0.131s] -- Detecting C compiler ABI info
[0.196s] -- Detecting C compiler ABI info - done
[0.204s] -- Check for working C compiler: /usr/bin/cc - skipped
[0.204s] -- Detecting C compile features
[0.204s] -- Detecting C compile features - done
[0.207s] -- Detecting CXX compiler ABI info
[0.283s] -- Detecting CXX compiler ABI info - done
[0.292s] -- Check for working CXX compiler: /usr/bin/c++ - skipped
[0.293s] -- Detecting CXX compile features
[0.293s] -- Detecting CXX compile features - done
[0.297s] -- Found ament_cmake: 1.3.11 (/opt/ros/humble/share/ament_cmake/cmake)
[0.441s] -- Found Python3: /usr/bin/python3 (found version "3.10.12") found components: Interpreter 
[0.538s] -- Found rclpy: 3.3.15 (/opt/ros/humble/share/rclpy/cmake)
[0.541s] -- Found rclcpp: 16.0.11 (/opt/ros/humble/share/rclcpp/cmake)
[0.575s] -- Found rosidl_generator_c: 3.1.6 (/opt/ros/humble/share/rosidl_generator_c/cmake)
[0.580s] -- Found rosidl_adapter: 3.1.6 (/opt/ros/humble/share/rosidl_adapter/cmake)
[0.586s] -- Found rosidl_generator_cpp: 3.1.6 (/opt/ros/humble/share/rosidl_generator_cpp/cmake)
[0.595s] -- Using all available rosidl_typesupport_c: rosidl_typesupport_fastrtps_c;rosidl_typesupport_introspection_c
[0.608s] -- Using all available rosidl_typesupport_cpp: rosidl_typesupport_fastrtps_cpp;rosidl_typesupport_introspection_cpp
[0.645s] -- Found rmw_implementation_cmake: 6.1.2 (/opt/ros/humble/share/rmw_implementation_cmake/cmake)
[0.648s] -- Found rmw_cyclonedds_cpp: 1.3.4 (/opt/ros/humble/share/rmw_cyclonedds_cpp/cmake)
[0.666s] -- Using RMW implementation 'rmw_cyclonedds_cpp' as default
[0.673s] -- Looking for pthread.h
[0.741s] -- Looking for pthread.h - found
[0.742s] -- Performing Test CMAKE_HAVE_LIBC_PTHREAD
[0.814s] -- Performing Test CMAKE_HAVE_LIBC_PTHREAD - Success
[0.815s] -- Found Threads: TRUE  
[0.861s] -- Found urdf: 2.6.1 (/opt/ros/humble/share/urdf/cmake)
[0.945s] -- Configuring done
[0.948s] -- Generating done
[0.951s] -- Build files have been written to: /home/vikas_maurya/wc_ws/build/wc_description
[0.958s] Invoked command in '/home/vikas_maurya/wc_ws/build/wc_description' returned '0': CMAKE_PREFIX_PATH=${CMAKE_PREFIX_PATH}:/home/vikas_maurya/wc_ws/install/pre_launch:/home/vikas_maurya/ros2_ws/install/wc_teleop:/home/vikas_maurya/ros2_ws/install/wc_example:/opt/ros/humble /usr/bin/cmake /home/vikas_maurya/wc_ws/src/wc_description -DCMAKE_INSTALL_PREFIX=/home/vikas_maurya/wc_ws/install/wc_description
[0.960s] Invoking command in '/home/vikas_maurya/wc_ws/build/wc_description': CMAKE_PREFIX_PATH=${CMAKE_PREFIX_PATH}:/home/vikas_maurya/wc_ws/install/pre_launch:/home/vikas_maurya/ros2_ws/install/wc_teleop:/home/vikas_maurya/ros2_ws/install/wc_example:/opt/ros/humble /usr/bin/cmake --build /home/vikas_maurya/wc_ws/build/wc_description -- -j12 -l12
[1.002s] Invoked command in '/home/vikas_maurya/wc_ws/build/wc_description' returned '0': CMAKE_PREFIX_PATH=${CMAKE_PREFIX_PATH}:/home/vikas_maurya/wc_ws/install/pre_launch:/home/vikas_maurya/ros2_ws/install/wc_teleop:/home/vikas_maurya/ros2_ws/install/wc_example:/opt/ros/humble /usr/bin/cmake --build /home/vikas_maurya/wc_ws/build/wc_description -- -j12 -l12
[1.012s] Invoking command in '/home/vikas_maurya/wc_ws/build/wc_description': CMAKE_PREFIX_PATH=${CMAKE_PREFIX_PATH}:/home/vikas_maurya/wc_ws/install/pre_launch:/home/vikas_maurya/ros2_ws/install/wc_teleop:/home/vikas_maurya/ros2_ws/install/wc_example:/opt/ros/humble /usr/bin/cmake --install /home/vikas_maurya/wc_ws/build/wc_description
[1.019s] -- Install configuration: ""
[1.019s] -- Installing: /home/vikas_maurya/wc_ws/install/wc_description/share/wc_description/meshes
[1.020s] -- Installing: /home/vikas_maurya/wc_ws/install/wc_description/share/wc_description/meshes/bases
[1.020s] -- Installing: /home/vikas_maurya/wc_ws/install/wc_description/share/wc_description/meshes/bases/wc_base.stl
[1.024s] -- Installing: /home/vikas_maurya/wc_ws/install/wc_description/share/wc_description/meshes/sensors
[1.024s] -- Installing: /home/vikas_maurya/wc_ws/install/wc_description/share/wc_description/meshes/sensors/ydl.stl
[1.026s] -- Installing: /home/vikas_maurya/wc_ws/install/wc_description/share/wc_description/meshes/wheels
[1.026s] -- Installing: /home/vikas_maurya/wc_ws/install/wc_description/share/wc_description/meshes/wheels/right_tire.stl
[1.027s] -- Installing: /home/vikas_maurya/wc_ws/install/wc_description/share/wc_description/meshes/wheels/left_tire.stl
[1.028s] -- Installing: /home/vikas_maurya/wc_ws/install/wc_description/share/wc_description/rviz
[1.028s] -- Installing: /home/vikas_maurya/wc_ws/install/wc_description/share/wc_description/rviz/model.rviz
[1.028s] -- Installing: /home/vikas_maurya/wc_ws/install/wc_description/share/wc_description/urdf
[1.028s] -- Installing: /home/vikas_maurya/wc_ws/install/wc_description/share/wc_description/urdf/common_properties.urdf
[1.028s] -- Installing: /home/vikas_maurya/wc_ws/install/wc_description/share/wc_description/urdf/wc_bot.urdf
[1.028s] -- Installing: /home/vikas_maurya/wc_ws/install/wc_description/share/ament_index/resource_index/package_run_dependencies/wc_description
[1.028s] -- Installing: /home/vikas_maurya/wc_ws/install/wc_description/share/ament_index/resource_index/parent_prefix_path/wc_description
[1.029s] -- Installing: /home/vikas_maurya/wc_ws/install/wc_description/share/wc_description/environment/ament_prefix_path.sh
[1.029s] -- Installing: /home/vikas_maurya/wc_ws/install/wc_description/share/wc_description/environment/ament_prefix_path.dsv
[1.029s] -- Installing: /home/vikas_maurya/wc_ws/install/wc_description/share/wc_description/environment/path.sh
[1.029s] -- Installing: /home/vikas_maurya/wc_ws/install/wc_description/share/wc_description/environment/path.dsv
[1.029s] -- Installing: /home/vikas_maurya/wc_ws/install/wc_description/share/wc_description/local_setup.bash
[1.029s] -- Installing: /home/vikas_maurya/wc_ws/install/wc_description/share/wc_description/local_setup.sh
[1.029s] -- Installing: /home/vikas_maurya/wc_ws/install/wc_description/share/wc_description/local_setup.zsh
[1.029s] -- Installing: /home/vikas_maurya/wc_ws/install/wc_description/share/wc_description/local_setup.dsv
[1.029s] -- Installing: /home/vikas_maurya/wc_ws/install/wc_description/share/wc_description/package.dsv
[1.030s] -- Installing: /home/vikas_maurya/wc_ws/install/wc_description/share/ament_index/resource_index/packages/wc_description
[1.030s] -- Installing: /home/vikas_maurya/wc_ws/install/wc_description/share/wc_description/cmake/wc_descriptionConfig.cmake
[1.030s] -- Installing: /home/vikas_maurya/wc_ws/install/wc_description/share/wc_description/cmake/wc_descriptionConfig-version.cmake
[1.030s] -- Installing: /home/vikas_maurya/wc_ws/install/wc_description/share/wc_description/package.xml
[1.031s] Invoked command in '/home/vikas_maurya/wc_ws/build/wc_description' returned '0': CMAKE_PREFIX_PATH=${CMAKE_PREFIX_PATH}:/home/vikas_maurya/wc_ws/install/pre_launch:/home/vikas_maurya/ros2_ws/install/wc_teleop:/home/vikas_maurya/ros2_ws/install/wc_example:/opt/ros/humble /usr/bin/cmake --install /home/vikas_maurya/wc_ws/build/wc_description
