running egg_info
writing ../../build/pre_launch/pre_launch.egg-info/PKG-INFO
writing dependency_links to ../../build/pre_launch/pre_launch.egg-info/dependency_links.txt
writing entry points to ../../build/pre_launch/pre_launch.egg-info/entry_points.txt
writing requirements to ../../build/pre_launch/pre_launch.egg-info/requires.txt
writing top-level names to ../../build/pre_launch/pre_launch.egg-info/top_level.txt
reading manifest file '../../build/pre_launch/pre_launch.egg-info/SOURCES.txt'
writing manifest file '../../build/pre_launch/pre_launch.egg-info/SOURCES.txt'
running build
running build_py
running install
running install_lib
running install_data
running install_egg_info
removing '/home/vikas_maurya/wc_ws/install/pre_launch/lib/python3.10/site-packages/pre_launch-0.0.0-py3.10.egg-info' (and everything under it)
Copying ../../build/pre_launch/pre_launch.egg-info to /home/vikas_maurya/wc_ws/install/pre_launch/lib/python3.10/site-packages/pre_launch-0.0.0-py3.10.egg-info
running install_scripts
Installing motor_cont script to /home/vikas_maurya/wc_ws/install/pre_launch/lib/pre_launch
Installing wc_node_main script to /home/vikas_maurya/wc_ws/install/pre_launch/lib/pre_launch
writing list of installed files to '/home/vikas_maurya/wc_ws/build/pre_launch/install.log'
