-- Install configuration: ""
-- Up-to-date: /home/vikas_maurya/wc_ws/install/wc_navigation2/share/wc_navigation2/launch
-- Up-to-date: /home/vikas_maurya/wc_ws/install/wc_navigation2/share/wc_navigation2/launch/navigation2.launch.py
-- Up-to-date: /home/vikas_maurya/wc_ws/install/wc_navigation2/share/wc_navigation2/map
-- Up-to-date: /home/vikas_maurya/wc_ws/install/wc_navigation2/share/wc_navigation2/map/map.pgm
-- Up-to-date: /home/vikas_maurya/wc_ws/install/wc_navigation2/share/wc_navigation2/map/map.yaml
-- Up-to-date: /home/vikas_maurya/wc_ws/install/wc_navigation2/share/wc_navigation2/param
-- Up-to-date: /home/vikas_maurya/wc_ws/install/wc_navigation2/share/wc_navigation2/param/wc.yaml
-- Up-to-date: /home/vikas_maurya/wc_ws/install/wc_navigation2/share/wc_navigation2/rviz
-- Up-to-date: /home/vikas_maurya/wc_ws/install/wc_navigation2/share/wc_navigation2/rviz/wc_navigation2.rviz
-- Up-to-date: /home/vikas_maurya/wc_ws/install/wc_navigation2/share/ament_index/resource_index/package_run_dependencies/wc_navigation2
-- Up-to-date: /home/vikas_maurya/wc_ws/install/wc_navigation2/share/ament_index/resource_index/parent_prefix_path/wc_navigation2
-- Up-to-date: /home/vikas_maurya/wc_ws/install/wc_navigation2/share/wc_navigation2/environment/ament_prefix_path.sh
-- Up-to-date: /home/vikas_maurya/wc_ws/install/wc_navigation2/share/wc_navigation2/environment/ament_prefix_path.dsv
-- Up-to-date: /home/vikas_maurya/wc_ws/install/wc_navigation2/share/wc_navigation2/environment/path.sh
-- Up-to-date: /home/vikas_maurya/wc_ws/install/wc_navigation2/share/wc_navigation2/environment/path.dsv
-- Up-to-date: /home/vikas_maurya/wc_ws/install/wc_navigation2/share/wc_navigation2/local_setup.bash
-- Up-to-date: /home/vikas_maurya/wc_ws/install/wc_navigation2/share/wc_navigation2/local_setup.sh
-- Up-to-date: /home/vikas_maurya/wc_ws/install/wc_navigation2/share/wc_navigation2/local_setup.zsh
-- Up-to-date: /home/vikas_maurya/wc_ws/install/wc_navigation2/share/wc_navigation2/local_setup.dsv
-- Up-to-date: /home/vikas_maurya/wc_ws/install/wc_navigation2/share/wc_navigation2/package.dsv
-- Up-to-date: /home/vikas_maurya/wc_ws/install/wc_navigation2/share/ament_index/resource_index/packages/wc_navigation2
-- Up-to-date: /home/vikas_maurya/wc_ws/install/wc_navigation2/share/wc_navigation2/cmake/wc_navigation2Config.cmake
-- Up-to-date: /home/vikas_maurya/wc_ws/install/wc_navigation2/share/wc_navigation2/cmake/wc_navigation2Config-version.cmake
-- Up-to-date: /home/vikas_maurya/wc_ws/install/wc_navigation2/share/wc_navigation2/package.xml
