[0.367s] Invoking command in '/home/vikas_maurya/ros2_ws/src/Auto_Wheelchair_repo/wc_robot': PYTHONPATH=/home/vikas_maurya/ros2_ws/src/Auto_Wheelchair_repo/build/wc_robot/prefix_override:/usr/lib/python3/dist-packages/colcon_core/task/python/colcon_distutils_commands:/home/vikas_maurya/ros2_ws/src/Auto_Wheelchair_repo/install/wc_robot/lib/python3.10/site-packages:${PYTHONPATH} /usr/bin/python3 -W ignore:setup.py install is deprecated -W ignore:easy_install command is deprecated setup.py egg_info --egg-base ../build/wc_robot build --build-base /home/vikas_maurya/ros2_ws/src/Auto_Wheelchair_repo/build/wc_robot/build install --record /home/vikas_maurya/ros2_ws/src/Auto_Wheelchair_repo/build/wc_robot/install.log --single-version-externally-managed install_data
[0.503s] running egg_info
[0.504s] writing ../build/wc_robot/wc_robot.egg-info/PKG-INFO
[0.504s] writing dependency_links to ../build/wc_robot/wc_robot.egg-info/dependency_links.txt
[0.504s] writing entry points to ../build/wc_robot/wc_robot.egg-info/entry_points.txt
[0.504s] writing requirements to ../build/wc_robot/wc_robot.egg-info/requires.txt
[0.504s] writing top-level names to ../build/wc_robot/wc_robot.egg-info/top_level.txt
[0.505s] reading manifest file '../build/wc_robot/wc_robot.egg-info/SOURCES.txt'
[0.506s] writing manifest file '../build/wc_robot/wc_robot.egg-info/SOURCES.txt'
[0.507s] running build
[0.507s] running build_py
[0.507s] running install
[0.507s] running install_lib
[0.507s] running install_data
[0.507s] running install_egg_info
[0.509s] removing '/home/vikas_maurya/ros2_ws/src/Auto_Wheelchair_repo/install/wc_robot/lib/python3.10/site-packages/wc_robot-0.0.0-py3.10.egg-info' (and everything under it)
[0.509s] Copying ../build/wc_robot/wc_robot.egg-info to /home/vikas_maurya/ros2_ws/src/Auto_Wheelchair_repo/install/wc_robot/lib/python3.10/site-packages/wc_robot-0.0.0-py3.10.egg-info
[0.509s] running install_scripts
[0.521s] writing list of installed files to '/home/vikas_maurya/ros2_ws/src/Auto_Wheelchair_repo/build/wc_robot/install.log'
[0.537s] Invoked command in '/home/vikas_maurya/ros2_ws/src/Auto_Wheelchair_repo/wc_robot' returned '0': PYTHONPATH=/home/vikas_maurya/ros2_ws/src/Auto_Wheelchair_repo/build/wc_robot/prefix_override:/usr/lib/python3/dist-packages/colcon_core/task/python/colcon_distutils_commands:/home/vikas_maurya/ros2_ws/src/Auto_Wheelchair_repo/install/wc_robot/lib/python3.10/site-packages:${PYTHONPATH} /usr/bin/python3 -W ignore:setup.py install is deprecated -W ignore:easy_install command is deprecated setup.py egg_info --egg-base ../build/wc_robot build --build-base /home/vikas_maurya/ros2_ws/src/Auto_Wheelchair_repo/build/wc_robot/build install --record /home/vikas_maurya/ros2_ws/src/Auto_Wheelchair_repo/build/wc_robot/install.log --single-version-externally-managed install_data
