[0.058s] DEBUG:colcon:Command line arguments: ['/usr/bin/colcon', 'build', '--symlink-install']
[0.058s] DEBUG:colcon:Parsed command line arguments: Namespace(log_base=None, log_level=None, verb_name='build', build_base='build', install_base='install', merge_install=False, symlink_install=True, test_result_base=None, continue_on_error=False, executor='parallel', parallel_workers=12, event_handlers=None, ignore_user_meta=False, metas=['./colcon.meta'], base_paths=['.'], packages_ignore=None, packages_ignore_regex=None, paths=None, packages_up_to=None, packages_up_to_regex=None, packages_above=None, packages_above_and_dependencies=None, packages_above_depth=None, packages_select_by_dep=None, packages_skip_by_dep=None, packages_skip_up_to=None, packages_select_build_failed=False, packages_skip_build_finished=False, packages_select_test_failures=False, packages_skip_test_passed=False, packages_select=None, packages_skip=None, packages_select_regex=None, packages_skip_regex=None, packages_start=None, packages_end=None, allow_overriding=[], cmake_args=None, cmake_target=None, cmake_target_skip_unavailable=False, cmake_clean_cache=False, cmake_clean_first=False, cmake_force_configure=False, ament_cmake_args=None, catkin_cmake_args=None, catkin_skip_building_tests=False, verb_parser=<colcon_defaults.argument_parser.defaults.DefaultArgumentsDecorator object at 0x772b7f749ed0>, verb_extension=<colcon_core.verb.build.BuildVerb object at 0x772b7f7499f0>, main=<bound method BuildVerb.main of <colcon_core.verb.build.BuildVerb object at 0x772b7f7499f0>>)
[0.147s] Level 1:colcon.colcon_core.package_discovery:discover_packages(colcon_meta) check parameters
[0.147s] Level 1:colcon.colcon_core.package_discovery:discover_packages(recursive) check parameters
[0.147s] Level 1:colcon.colcon_core.package_discovery:discover_packages(ignore) check parameters
[0.147s] Level 1:colcon.colcon_core.package_discovery:discover_packages(path) check parameters
[0.147s] Level 1:colcon.colcon_core.package_discovery:discover_packages(colcon_meta) discover
[0.147s] Level 1:colcon.colcon_core.package_discovery:discover_packages(recursive) discover
[0.147s] INFO:colcon.colcon_core.package_discovery:Crawling recursively for packages in '/home/vikas_maurya/ros2_ws/src/Auto_Wheelchair_repo/wc_robot'
[0.147s] Level 1:colcon.colcon_core.package_identification:_identify(.) by extensions ['ignore', 'ignore_ament_install']
[0.147s] Level 1:colcon.colcon_core.package_identification:_identify(.) by extension 'ignore'
[0.147s] Level 1:colcon.colcon_core.package_identification:_identify(.) by extension 'ignore_ament_install'
[0.147s] Level 1:colcon.colcon_core.package_identification:_identify(.) by extensions ['colcon_pkg']
[0.147s] Level 1:colcon.colcon_core.package_identification:_identify(.) by extension 'colcon_pkg'
[0.147s] Level 1:colcon.colcon_core.package_identification:_identify(.) by extensions ['colcon_meta']
[0.147s] Level 1:colcon.colcon_core.package_identification:_identify(.) by extension 'colcon_meta'
[0.148s] Level 1:colcon.colcon_core.package_identification:_identify(.) by extensions ['ros']
[0.148s] Level 1:colcon.colcon_core.package_identification:_identify(.) by extension 'ros'
[0.155s] DEBUG:colcon.colcon_core.package_identification:Package '.' with type 'ros.ament_python' and name 'wc_robot'
[0.155s] Level 1:colcon.colcon_core.package_discovery:discover_packages(recursive) using defaults
[0.155s] Level 1:colcon.colcon_core.package_discovery:discover_packages(ignore) discover
[0.155s] Level 1:colcon.colcon_core.package_discovery:discover_packages(ignore) using defaults
[0.155s] Level 1:colcon.colcon_core.package_discovery:discover_packages(path) discover
[0.155s] Level 1:colcon.colcon_core.package_discovery:discover_packages(path) using defaults
[0.172s] Level 1:colcon.colcon_core.package_discovery:discover_packages(prefix_path) check parameters
[0.173s] Level 1:colcon.colcon_core.package_discovery:discover_packages(prefix_path) discover
[0.173s] WARNING:colcon.colcon_core.prefix_path.colcon:The path '/home/vikas_maurya/ros2_ws/install' in the environment variable COLCON_PREFIX_PATH doesn't exist
[0.173s] WARNING:colcon.colcon_ros.prefix_path.ament:The path '/home/vikas_maurya/ros2_ws/src/Auto_Wheelchair_repo/wc_robot/install/wc_robot' in the environment variable AMENT_PREFIX_PATH doesn't exist
[0.173s] WARNING:colcon.colcon_ros.prefix_path.ament:The path '/home/vikas_maurya/ros2_ws/install/wc_robot' in the environment variable AMENT_PREFIX_PATH doesn't exist
[0.173s] DEBUG:colcon.colcon_installed_package_information.package_discovery:Found 0 installed packages in /home/vikas_maurya/ros2_ws/src/Auto_Wheelchair_repo/wc_robot/install
[0.174s] DEBUG:colcon.colcon_installed_package_information.package_discovery:Found 387 installed packages in /opt/ros/humble
[0.175s] Level 1:colcon.colcon_core.package_discovery:discover_packages(prefix_path) using defaults
[0.200s] Level 5:colcon.colcon_core.verb:set package 'wc_robot' build argument 'cmake_args' from command line to 'None'
[0.200s] Level 5:colcon.colcon_core.verb:set package 'wc_robot' build argument 'cmake_target' from command line to 'None'
[0.200s] Level 5:colcon.colcon_core.verb:set package 'wc_robot' build argument 'cmake_target_skip_unavailable' from command line to 'False'
[0.200s] Level 5:colcon.colcon_core.verb:set package 'wc_robot' build argument 'cmake_clean_cache' from command line to 'False'
[0.200s] Level 5:colcon.colcon_core.verb:set package 'wc_robot' build argument 'cmake_clean_first' from command line to 'False'
[0.200s] Level 5:colcon.colcon_core.verb:set package 'wc_robot' build argument 'cmake_force_configure' from command line to 'False'
[0.200s] Level 5:colcon.colcon_core.verb:set package 'wc_robot' build argument 'ament_cmake_args' from command line to 'None'
[0.200s] Level 5:colcon.colcon_core.verb:set package 'wc_robot' build argument 'catkin_cmake_args' from command line to 'None'
[0.200s] Level 5:colcon.colcon_core.verb:set package 'wc_robot' build argument 'catkin_skip_building_tests' from command line to 'False'
[0.200s] DEBUG:colcon.colcon_core.verb:Building package 'wc_robot' with the following arguments: {'ament_cmake_args': None, 'build_base': '/home/vikas_maurya/ros2_ws/src/Auto_Wheelchair_repo/wc_robot/build/wc_robot', 'catkin_cmake_args': None, 'catkin_skip_building_tests': False, 'cmake_args': None, 'cmake_clean_cache': False, 'cmake_clean_first': False, 'cmake_force_configure': False, 'cmake_target': None, 'cmake_target_skip_unavailable': False, 'install_base': '/home/vikas_maurya/ros2_ws/src/Auto_Wheelchair_repo/wc_robot/install/wc_robot', 'merge_install': False, 'path': '/home/vikas_maurya/ros2_ws/src/Auto_Wheelchair_repo/wc_robot', 'symlink_install': True, 'test_result_base': None}
[0.200s] INFO:colcon.colcon_core.executor:Executing jobs using 'parallel' executor
[0.201s] DEBUG:colcon.colcon_parallel_executor.executor.parallel:run_until_complete
[0.201s] INFO:colcon.colcon_ros.task.ament_python.build:Building ROS package in '/home/vikas_maurya/ros2_ws/src/Auto_Wheelchair_repo/wc_robot' with build type 'ament_python'
[0.201s] Level 1:colcon.colcon_core.shell:create_environment_hook('wc_robot', 'ament_prefix_path')
[0.202s] INFO:colcon.colcon_core.plugin_system:Skipping extension 'colcon_core.shell.bat': Not used on non-Windows systems
[0.202s] INFO:colcon.colcon_core.shell:Creating environment hook '/home/vikas_maurya/ros2_ws/src/Auto_Wheelchair_repo/wc_robot/install/wc_robot/share/wc_robot/hook/ament_prefix_path.ps1'
[0.203s] INFO:colcon.colcon_core.shell:Creating environment descriptor '/home/vikas_maurya/ros2_ws/src/Auto_Wheelchair_repo/wc_robot/install/wc_robot/share/wc_robot/hook/ament_prefix_path.dsv'
[0.203s] INFO:colcon.colcon_core.shell:Creating environment hook '/home/vikas_maurya/ros2_ws/src/Auto_Wheelchair_repo/wc_robot/install/wc_robot/share/wc_robot/hook/ament_prefix_path.sh'
[0.203s] INFO:colcon.colcon_core.shell:Skip shell extension 'powershell' for command environment: Not usable outside of PowerShell
[0.203s] DEBUG:colcon.colcon_core.shell:Skip shell extension 'dsv' for command environment
[0.349s] INFO:colcon.colcon_core.task.python.build:Building Python package in '/home/vikas_maurya/ros2_ws/src/Auto_Wheelchair_repo/wc_robot'
[0.350s] INFO:colcon.colcon_core.shell:Skip shell extension 'powershell' for command environment: Not usable outside of PowerShell
[0.350s] DEBUG:colcon.colcon_core.shell:Skip shell extension 'dsv' for command environment
[0.548s] DEBUG:colcon.colcon_core.event_handler.log_command:Invoking command in '/home/vikas_maurya/ros2_ws/src/Auto_Wheelchair_repo/wc_robot/build/wc_robot': PYTHONPATH=/home/vikas_maurya/ros2_ws/src/Auto_Wheelchair_repo/wc_robot/build/wc_robot/prefix_override:/usr/lib/python3/dist-packages/colcon_core/task/python/colcon_distutils_commands:/home/vikas_maurya/ros2_ws/src/Auto_Wheelchair_repo/wc_robot/install/wc_robot/lib/python3.10/site-packages:${PYTHONPATH} /usr/bin/python3 -W ignore:setup.py install is deprecated -W ignore:easy_install command is deprecated setup.py develop --editable --build-directory /home/vikas_maurya/ros2_ws/src/Auto_Wheelchair_repo/wc_robot/build/wc_robot/build --no-deps symlink_data
[0.795s] Level 1:colcon.colcon_core.shell:create_environment_hook('wc_robot', 'pythonpath_develop')
[0.795s] INFO:colcon.colcon_core.shell:Creating environment hook '/home/vikas_maurya/ros2_ws/src/Auto_Wheelchair_repo/wc_robot/build/wc_robot/share/wc_robot/hook/pythonpath_develop.ps1'
[0.795s] DEBUG:colcon.colcon_core.event_handler.log_command:Invoked command in '/home/vikas_maurya/ros2_ws/src/Auto_Wheelchair_repo/wc_robot/build/wc_robot' returned '0': PYTHONPATH=/home/vikas_maurya/ros2_ws/src/Auto_Wheelchair_repo/wc_robot/build/wc_robot/prefix_override:/usr/lib/python3/dist-packages/colcon_core/task/python/colcon_distutils_commands:/home/vikas_maurya/ros2_ws/src/Auto_Wheelchair_repo/wc_robot/install/wc_robot/lib/python3.10/site-packages:${PYTHONPATH} /usr/bin/python3 -W ignore:setup.py install is deprecated -W ignore:easy_install command is deprecated setup.py develop --editable --build-directory /home/vikas_maurya/ros2_ws/src/Auto_Wheelchair_repo/wc_robot/build/wc_robot/build --no-deps symlink_data
[0.796s] INFO:colcon.colcon_core.shell:Creating environment descriptor '/home/vikas_maurya/ros2_ws/src/Auto_Wheelchair_repo/wc_robot/build/wc_robot/share/wc_robot/hook/pythonpath_develop.dsv'
[0.796s] INFO:colcon.colcon_core.shell:Creating environment hook '/home/vikas_maurya/ros2_ws/src/Auto_Wheelchair_repo/wc_robot/build/wc_robot/share/wc_robot/hook/pythonpath_develop.sh'
[0.797s] Level 1:colcon.colcon_core.environment:checking '/home/vikas_maurya/ros2_ws/src/Auto_Wheelchair_repo/wc_robot/install/wc_robot' for CMake module files
[0.797s] Level 1:colcon.colcon_core.environment:checking '/home/vikas_maurya/ros2_ws/src/Auto_Wheelchair_repo/wc_robot/install/wc_robot' for CMake config files
[0.798s] Level 1:colcon.colcon_core.environment:checking '/home/vikas_maurya/ros2_ws/src/Auto_Wheelchair_repo/wc_robot/install/wc_robot/lib'
[0.798s] Level 1:colcon.colcon_core.environment:checking '/home/vikas_maurya/ros2_ws/src/Auto_Wheelchair_repo/wc_robot/install/wc_robot/bin'
[0.798s] Level 1:colcon.colcon_core.environment:checking '/home/vikas_maurya/ros2_ws/src/Auto_Wheelchair_repo/wc_robot/install/wc_robot/lib/pkgconfig/wc_robot.pc'
[0.798s] Level 1:colcon.colcon_core.environment:checking '/home/vikas_maurya/ros2_ws/src/Auto_Wheelchair_repo/wc_robot/install/wc_robot/lib/python3.10/site-packages'
[0.798s] Level 1:colcon.colcon_core.shell:create_environment_hook('wc_robot', 'pythonpath')
[0.798s] INFO:colcon.colcon_core.shell:Creating environment hook '/home/vikas_maurya/ros2_ws/src/Auto_Wheelchair_repo/wc_robot/install/wc_robot/share/wc_robot/hook/pythonpath.ps1'
[0.798s] INFO:colcon.colcon_core.shell:Creating environment descriptor '/home/vikas_maurya/ros2_ws/src/Auto_Wheelchair_repo/wc_robot/install/wc_robot/share/wc_robot/hook/pythonpath.dsv'
[0.799s] INFO:colcon.colcon_core.shell:Creating environment hook '/home/vikas_maurya/ros2_ws/src/Auto_Wheelchair_repo/wc_robot/install/wc_robot/share/wc_robot/hook/pythonpath.sh'
[0.799s] Level 1:colcon.colcon_core.environment:checking '/home/vikas_maurya/ros2_ws/src/Auto_Wheelchair_repo/wc_robot/install/wc_robot/bin'
[0.799s] Level 1:colcon.colcon_core.environment:create_environment_scripts_only(wc_robot)
[0.799s] INFO:colcon.colcon_core.shell:Creating package script '/home/vikas_maurya/ros2_ws/src/Auto_Wheelchair_repo/wc_robot/install/wc_robot/share/wc_robot/package.ps1'
[0.800s] INFO:colcon.colcon_core.shell:Creating package descriptor '/home/vikas_maurya/ros2_ws/src/Auto_Wheelchair_repo/wc_robot/install/wc_robot/share/wc_robot/package.dsv'
[0.800s] INFO:colcon.colcon_core.shell:Creating package script '/home/vikas_maurya/ros2_ws/src/Auto_Wheelchair_repo/wc_robot/install/wc_robot/share/wc_robot/package.sh'
[0.800s] INFO:colcon.colcon_core.shell:Creating package script '/home/vikas_maurya/ros2_ws/src/Auto_Wheelchair_repo/wc_robot/install/wc_robot/share/wc_robot/package.bash'
[0.801s] INFO:colcon.colcon_core.shell:Creating package script '/home/vikas_maurya/ros2_ws/src/Auto_Wheelchair_repo/wc_robot/install/wc_robot/share/wc_robot/package.zsh'
[0.801s] Level 1:colcon.colcon_core.environment:create_file_with_runtime_dependencies(/home/vikas_maurya/ros2_ws/src/Auto_Wheelchair_repo/wc_robot/install/wc_robot/share/colcon-core/packages/wc_robot)
[0.801s] DEBUG:colcon.colcon_parallel_executor.executor.parallel:closing loop
[0.801s] DEBUG:colcon.colcon_parallel_executor.executor.parallel:loop closed
[0.801s] DEBUG:colcon.colcon_parallel_executor.executor.parallel:run_until_complete finished with '0'
[0.802s] DEBUG:colcon.colcon_core.event_reactor:joining thread
[0.805s] INFO:colcon.colcon_core.plugin_system:Skipping extension 'colcon_notification.desktop_notification.terminal_notifier': Not used on non-Darwin systems
[0.805s] INFO:colcon.colcon_core.plugin_system:Skipping extension 'colcon_notification.desktop_notification.win32': Not used on non-Windows systems
[0.805s] INFO:colcon.colcon_notification.desktop_notification:Sending desktop notification using 'notify2'
[0.817s] DEBUG:colcon.colcon_core.event_reactor:joined thread
[0.817s] INFO:colcon.colcon_core.shell:Creating prefix script '/home/vikas_maurya/ros2_ws/src/Auto_Wheelchair_repo/wc_robot/install/local_setup.ps1'
[0.818s] INFO:colcon.colcon_core.shell:Creating prefix util module '/home/vikas_maurya/ros2_ws/src/Auto_Wheelchair_repo/wc_robot/install/_local_setup_util_ps1.py'
[0.819s] INFO:colcon.colcon_core.shell:Creating prefix chain script '/home/vikas_maurya/ros2_ws/src/Auto_Wheelchair_repo/wc_robot/install/setup.ps1'
[0.819s] INFO:colcon.colcon_core.shell:Creating prefix script '/home/vikas_maurya/ros2_ws/src/Auto_Wheelchair_repo/wc_robot/install/local_setup.sh'
[0.820s] INFO:colcon.colcon_core.shell:Creating prefix util module '/home/vikas_maurya/ros2_ws/src/Auto_Wheelchair_repo/wc_robot/install/_local_setup_util_sh.py'
[0.820s] INFO:colcon.colcon_core.shell:Creating prefix chain script '/home/vikas_maurya/ros2_ws/src/Auto_Wheelchair_repo/wc_robot/install/setup.sh'
[0.821s] INFO:colcon.colcon_core.shell:Creating prefix script '/home/vikas_maurya/ros2_ws/src/Auto_Wheelchair_repo/wc_robot/install/local_setup.bash'
[0.821s] INFO:colcon.colcon_core.shell:Creating prefix chain script '/home/vikas_maurya/ros2_ws/src/Auto_Wheelchair_repo/wc_robot/install/setup.bash'
[0.821s] INFO:colcon.colcon_core.shell:Creating prefix script '/home/vikas_maurya/ros2_ws/src/Auto_Wheelchair_repo/wc_robot/install/local_setup.zsh'
[0.821s] INFO:colcon.colcon_core.shell:Creating prefix chain script '/home/vikas_maurya/ros2_ws/src/Auto_Wheelchair_repo/wc_robot/install/setup.zsh'
