-- Install configuration: ""
-- Up-to-date: /home/vikas_maurya/wc_ws/install/wc_description/share/wc_description/meshes
-- Up-to-date: /home/vikas_maurya/wc_ws/install/wc_description/share/wc_description/meshes/bases
-- Up-to-date: /home/vikas_maurya/wc_ws/install/wc_description/share/wc_description/meshes/bases/wc_base.stl
-- Up-to-date: /home/vikas_maurya/wc_ws/install/wc_description/share/wc_description/meshes/sensors
-- Up-to-date: /home/vikas_maurya/wc_ws/install/wc_description/share/wc_description/meshes/sensors/ydl.stl
-- Up-to-date: /home/vikas_maurya/wc_ws/install/wc_description/share/wc_description/meshes/wheels
-- Up-to-date: /home/vikas_maurya/wc_ws/install/wc_description/share/wc_description/meshes/wheels/right_tire.stl
-- Up-to-date: /home/vikas_maurya/wc_ws/install/wc_description/share/wc_description/meshes/wheels/left_tire.stl
-- Up-to-date: /home/vikas_maurya/wc_ws/install/wc_description/share/wc_description/rviz
-- Up-to-date: /home/vikas_maurya/wc_ws/install/wc_description/share/wc_description/rviz/model.rviz
-- Up-to-date: /home/vikas_maurya/wc_ws/install/wc_description/share/wc_description/urdf
-- Up-to-date: /home/vikas_maurya/wc_ws/install/wc_description/share/wc_description/urdf/common_properties.urdf
-- Up-to-date: /home/vikas_maurya/wc_ws/install/wc_description/share/wc_description/urdf/wc_bot.urdf
-- Up-to-date: /home/vikas_maurya/wc_ws/install/wc_description/share/ament_index/resource_index/package_run_dependencies/wc_description
-- Up-to-date: /home/vikas_maurya/wc_ws/install/wc_description/share/ament_index/resource_index/parent_prefix_path/wc_description
-- Up-to-date: /home/vikas_maurya/wc_ws/install/wc_description/share/wc_description/environment/ament_prefix_path.sh
-- Up-to-date: /home/vikas_maurya/wc_ws/install/wc_description/share/wc_description/environment/ament_prefix_path.dsv
-- Up-to-date: /home/vikas_maurya/wc_ws/install/wc_description/share/wc_description/environment/path.sh
-- Up-to-date: /home/vikas_maurya/wc_ws/install/wc_description/share/wc_description/environment/path.dsv
-- Up-to-date: /home/vikas_maurya/wc_ws/install/wc_description/share/wc_description/local_setup.bash
-- Up-to-date: /home/vikas_maurya/wc_ws/install/wc_description/share/wc_description/local_setup.sh
-- Up-to-date: /home/vikas_maurya/wc_ws/install/wc_description/share/wc_description/local_setup.zsh
-- Up-to-date: /home/vikas_maurya/wc_ws/install/wc_description/share/wc_description/local_setup.dsv
-- Up-to-date: /home/vikas_maurya/wc_ws/install/wc_description/share/wc_description/package.dsv
-- Up-to-date: /home/vikas_maurya/wc_ws/install/wc_description/share/ament_index/resource_index/packages/wc_description
-- Up-to-date: /home/vikas_maurya/wc_ws/install/wc_description/share/wc_description/cmake/wc_descriptionConfig.cmake
-- Up-to-date: /home/vikas_maurya/wc_ws/install/wc_description/share/wc_description/cmake/wc_descriptionConfig-version.cmake
-- Up-to-date: /home/vikas_maurya/wc_ws/install/wc_description/share/wc_description/package.xml
