[0.012s] Invoking command in '/home/vikas_maurya/wc_ws/build/wc_description': CMAKE_PREFIX_PATH=${CMAKE_PREFIX_PATH}:/home/vikas_maurya/wc_ws/install/pre_launch:/home/vikas_maurya/ros2_ws/install/wc_teleop:/home/vikas_maurya/ros2_ws/install/wc_example:/opt/ros/humble /usr/bin/cmake --build /home/vikas_maurya/wc_ws/build/wc_description -- -j12 -l12
[0.051s] Invoked command in '/home/vikas_maurya/wc_ws/build/wc_description' returned '0': CMAKE_PREFIX_PATH=${CMAKE_PREFIX_PATH}:/home/vikas_maurya/wc_ws/install/pre_launch:/home/vikas_maurya/ros2_ws/install/wc_teleop:/home/vikas_maurya/ros2_ws/install/wc_example:/opt/ros/humble /usr/bin/cmake --build /home/vikas_maurya/wc_ws/build/wc_description -- -j12 -l12
[0.060s] Invoking command in '/home/vikas_maurya/wc_ws/build/wc_description': CMAKE_PREFIX_PATH=${CMAKE_PREFIX_PATH}:/home/vikas_maurya/wc_ws/install/pre_launch:/home/vikas_maurya/ros2_ws/install/wc_teleop:/home/vikas_maurya/ros2_ws/install/wc_example:/opt/ros/humble /usr/bin/cmake --install /home/vikas_maurya/wc_ws/build/wc_description
[0.069s] -- Install configuration: ""
[0.069s] -- Up-to-date: /home/vikas_maurya/wc_ws/install/wc_description/share/wc_description/meshes
[0.069s] -- Up-to-date: /home/vikas_maurya/wc_ws/install/wc_description/share/wc_description/meshes/bases
[0.069s] -- Up-to-date: /home/vikas_maurya/wc_ws/install/wc_description/share/wc_description/meshes/bases/wc_base.stl
[0.069s] -- Up-to-date: /home/vikas_maurya/wc_ws/install/wc_description/share/wc_description/meshes/sensors
[0.070s] -- Up-to-date: /home/vikas_maurya/wc_ws/install/wc_description/share/wc_description/meshes/sensors/ydl.stl
[0.070s] -- Up-to-date: /home/vikas_maurya/wc_ws/install/wc_description/share/wc_description/meshes/wheels
[0.070s] -- Up-to-date: /home/vikas_maurya/wc_ws/install/wc_description/share/wc_description/meshes/wheels/right_tire.stl
[0.070s] -- Up-to-date: /home/vikas_maurya/wc_ws/install/wc_description/share/wc_description/meshes/wheels/left_tire.stl
[0.070s] -- Up-to-date: /home/vikas_maurya/wc_ws/install/wc_description/share/wc_description/rviz
[0.070s] -- Up-to-date: /home/vikas_maurya/wc_ws/install/wc_description/share/wc_description/rviz/model.rviz
[0.070s] -- Up-to-date: /home/vikas_maurya/wc_ws/install/wc_description/share/wc_description/urdf
[0.070s] -- Up-to-date: /home/vikas_maurya/wc_ws/install/wc_description/share/wc_description/urdf/common_properties.urdf
[0.070s] -- Up-to-date: /home/vikas_maurya/wc_ws/install/wc_description/share/wc_description/urdf/wc_bot.urdf
[0.071s] -- Up-to-date: /home/vikas_maurya/wc_ws/install/wc_description/share/ament_index/resource_index/package_run_dependencies/wc_description
[0.071s] -- Up-to-date: /home/vikas_maurya/wc_ws/install/wc_description/share/ament_index/resource_index/parent_prefix_path/wc_description
[0.071s] -- Up-to-date: /home/vikas_maurya/wc_ws/install/wc_description/share/wc_description/environment/ament_prefix_path.sh
[0.071s] -- Up-to-date: /home/vikas_maurya/wc_ws/install/wc_description/share/wc_description/environment/ament_prefix_path.dsv
[0.071s] -- Up-to-date: /home/vikas_maurya/wc_ws/install/wc_description/share/wc_description/environment/path.sh
[0.071s] -- Up-to-date: /home/vikas_maurya/wc_ws/install/wc_description/share/wc_description/environment/path.dsv
[0.071s] -- Up-to-date: /home/vikas_maurya/wc_ws/install/wc_description/share/wc_description/local_setup.bash
[0.071s] -- Up-to-date: /home/vikas_maurya/wc_ws/install/wc_description/share/wc_description/local_setup.sh
[0.072s] -- Up-to-date: /home/vikas_maurya/wc_ws/install/wc_description/share/wc_description/local_setup.zsh
[0.072s] -- Up-to-date: /home/vikas_maurya/wc_ws/install/wc_description/share/wc_description/local_setup.dsv
[0.072s] -- Up-to-date: /home/vikas_maurya/wc_ws/install/wc_description/share/wc_description/package.dsv
[0.072s] -- Up-to-date: /home/vikas_maurya/wc_ws/install/wc_description/share/ament_index/resource_index/packages/wc_description
[0.075s] -- Up-to-date: /home/vikas_maurya/wc_ws/install/wc_description/share/wc_description/cmake/wc_descriptionConfig.cmake
[0.075s] -- Up-to-date: /home/vikas_maurya/wc_ws/install/wc_description/share/wc_description/cmake/wc_descriptionConfig-version.cmake
[0.075s] -- Up-to-date: /home/vikas_maurya/wc_ws/install/wc_description/share/wc_description/package.xml
[0.075s] Invoked command in '/home/vikas_maurya/wc_ws/build/wc_description' returned '0': CMAKE_PREFIX_PATH=${CMAKE_PREFIX_PATH}:/home/vikas_maurya/wc_ws/install/pre_launch:/home/vikas_maurya/ros2_ws/install/wc_teleop:/home/vikas_maurya/ros2_ws/install/wc_example:/opt/ros/humble /usr/bin/cmake --install /home/vikas_maurya/wc_ws/build/wc_description
