[0.015s] Invoking command in '/home/vikas_maurya/wc_ws/build/wc_navigation2': CMAKE_PREFIX_PATH=${CMAKE_PREFIX_PATH}:/home/vikas_maurya/wc_ws/install/pre_launch:/home/vikas_maurya/ros2_ws/install/wc_teleop:/home/vikas_maurya/ros2_ws/install/wc_example:/opt/ros/humble /usr/bin/cmake --build /home/vikas_maurya/wc_ws/build/wc_navigation2 -- -j12 -l12
[0.059s] Invoked command in '/home/vikas_maurya/wc_ws/build/wc_navigation2' returned '0': CMAKE_PREFIX_PATH=${CMAKE_PREFIX_PATH}:/home/vikas_maurya/wc_ws/install/pre_launch:/home/vikas_maurya/ros2_ws/install/wc_teleop:/home/vikas_maurya/ros2_ws/install/wc_example:/opt/ros/humble /usr/bin/cmake --build /home/vikas_maurya/wc_ws/build/wc_navigation2 -- -j12 -l12
[0.061s] Invoking command in '/home/vikas_maurya/wc_ws/build/wc_navigation2': CMAKE_PREFIX_PATH=${CMAKE_PREFIX_PATH}:/home/vikas_maurya/wc_ws/install/pre_launch:/home/vikas_maurya/ros2_ws/install/wc_teleop:/home/vikas_maurya/ros2_ws/install/wc_example:/opt/ros/humble /usr/bin/cmake --install /home/vikas_maurya/wc_ws/build/wc_navigation2
[0.071s] -- Install configuration: ""
[0.071s] -- Up-to-date: /home/vikas_maurya/wc_ws/install/wc_navigation2/share/wc_navigation2/launch
[0.071s] -- Up-to-date: /home/vikas_maurya/wc_ws/install/wc_navigation2/share/wc_navigation2/launch/navigation2.launch.py
[0.072s] -- Up-to-date: /home/vikas_maurya/wc_ws/install/wc_navigation2/share/wc_navigation2/map
[0.072s] -- Up-to-date: /home/vikas_maurya/wc_ws/install/wc_navigation2/share/wc_navigation2/map/map.pgm
[0.072s] -- Up-to-date: /home/vikas_maurya/wc_ws/install/wc_navigation2/share/wc_navigation2/map/map.yaml
[0.072s] -- Up-to-date: /home/vikas_maurya/wc_ws/install/wc_navigation2/share/wc_navigation2/param
[0.072s] -- Up-to-date: /home/vikas_maurya/wc_ws/install/wc_navigation2/share/wc_navigation2/param/wc.yaml
[0.072s] -- Up-to-date: /home/vikas_maurya/wc_ws/install/wc_navigation2/share/wc_navigation2/rviz
[0.072s] -- Up-to-date: /home/vikas_maurya/wc_ws/install/wc_navigation2/share/wc_navigation2/rviz/wc_navigation2.rviz
[0.072s] -- Up-to-date: /home/vikas_maurya/wc_ws/install/wc_navigation2/share/ament_index/resource_index/package_run_dependencies/wc_navigation2
[0.072s] -- Up-to-date: /home/vikas_maurya/wc_ws/install/wc_navigation2/share/ament_index/resource_index/parent_prefix_path/wc_navigation2
[0.072s] -- Up-to-date: /home/vikas_maurya/wc_ws/install/wc_navigation2/share/wc_navigation2/environment/ament_prefix_path.sh
[0.072s] -- Up-to-date: /home/vikas_maurya/wc_ws/install/wc_navigation2/share/wc_navigation2/environment/ament_prefix_path.dsv
[0.073s] -- Up-to-date: /home/vikas_maurya/wc_ws/install/wc_navigation2/share/wc_navigation2/environment/path.sh
[0.073s] -- Up-to-date: /home/vikas_maurya/wc_ws/install/wc_navigation2/share/wc_navigation2/environment/path.dsv
[0.073s] -- Up-to-date: /home/vikas_maurya/wc_ws/install/wc_navigation2/share/wc_navigation2/local_setup.bash
[0.073s] -- Up-to-date: /home/vikas_maurya/wc_ws/install/wc_navigation2/share/wc_navigation2/local_setup.sh
[0.073s] -- Up-to-date: /home/vikas_maurya/wc_ws/install/wc_navigation2/share/wc_navigation2/local_setup.zsh
[0.073s] -- Up-to-date: /home/vikas_maurya/wc_ws/install/wc_navigation2/share/wc_navigation2/local_setup.dsv
[0.073s] -- Installing: /home/vikas_maurya/wc_ws/install/wc_navigation2/share/wc_navigation2/package.dsv
[0.073s] -- Up-to-date: /home/vikas_maurya/wc_ws/install/wc_navigation2/share/ament_index/resource_index/packages/wc_navigation2
[0.073s] -- Up-to-date: /home/vikas_maurya/wc_ws/install/wc_navigation2/share/wc_navigation2/cmake/wc_navigation2Config.cmake
[0.073s] -- Up-to-date: /home/vikas_maurya/wc_ws/install/wc_navigation2/share/wc_navigation2/cmake/wc_navigation2Config-version.cmake
[0.074s] -- Up-to-date: /home/vikas_maurya/wc_ws/install/wc_navigation2/share/wc_navigation2/package.xml
[0.089s] Invoked command in '/home/vikas_maurya/wc_ws/build/wc_navigation2' returned '0': CMAKE_PREFIX_PATH=${CMAKE_PREFIX_PATH}:/home/vikas_maurya/wc_ws/install/pre_launch:/home/vikas_maurya/ros2_ws/install/wc_teleop:/home/vikas_maurya/ros2_ws/install/wc_example:/opt/ros/humble /usr/bin/cmake --install /home/vikas_maurya/wc_ws/build/wc_navigation2
